<?xml version="1.0"?>
<houses>
<house name="OTServ headquarter (Flat 1, Area 42)" houseid="1" entryx="0" entryy="0" entryz="0" rent="0" townid="0" size="16"/>
<house name="OTServ headquarter (Flat 1, Area 42)" houseid="2" entryx="0" entryy="0" entryz="0" rent="0" townid="0" size="16"/>
<house name="OTServ headquarter (Flat 1, Area 42)" houseid="3" entryx="0" entryy="0" entryz="0" rent="0" townid="0" size="16"/>
<house name="OTServ headquarter (Flat 1, Area 42)" houseid="4" entryx="0" entryy="0" entryz="0" rent="0" townid="0" size="13"/>
<house name="OTServ headquarter (Flat 1, Area 42)" houseid="5" entryx="0" entryy="0" entryz="0" rent="0" townid="0" size="13"/>
<house name="OTServ headquarter (Flat 1, Area 42)" houseid="6" entryx="0" entryy="0" entryz="0" rent="0" townid="0" size="13"/>
<house name="OTServ headquarter (Flat 1, Area 42)" houseid="7" entryx="0" entryy="0" entryz="0" rent="0" townid="0" size="43"/>
<house name="OTServ headquarter (Flat 1, Area 42)" houseid="8" entryx="0" entryy="0" entryz="0" rent="0" townid="0" size="22"/>
<house name="OTServ headquarter (Flat 1, Area 42)" houseid="9" entryx="0" entryy="0" entryz="0" rent="0" townid="0" size="21"/>
<house name="OTServ headquarter (Flat 1, Area 42)" houseid="10" entryx="0" entryy="0" entryz="0" rent="0" townid="0" size="28"/>
<house name="OTServ headquarter (Flat 1, Area 42)" houseid="11" entryx="0" entryy="0" entryz="0" rent="0" townid="0" size="47"/>
<house name="OTServ headquarter (Flat 1, Area 42)" houseid="12" entryx="0" entryy="0" entryz="0" rent="0" townid="0" size="16"/>
<house name="OTServ headquarter (Flat 1, Area 42)" houseid="13" entryx="0" entryy="0" entryz="0" rent="0" townid="0" size="16"/>
<house name="OTServ headquarter (Flat 1, Area 42)" houseid="14" entryx="0" entryy="0" entryz="0" rent="0" townid="0" size="16"/>
<house name="OTServ headquarter (Flat 1, Area 42)" houseid="15" entryx="164" entryy="59" entryz="7" rent="0" townid="0" size="35"/>
<house name="OTServ headquarter (Flat 1, Area 42)" houseid="16" entryx="0" entryy="0" entryz="0" rent="0" townid="0" size="13"/>
<house name="OTServ headquarter (Flat 1, Area 42)" houseid="17" entryx="195" entryy="113" entryz="8" rent="0" townid="0" size="16"/>
<house name="OTServ headquarter (Flat 1, Area 42)" houseid="18" entryx="0" entryy="0" entryz="0" rent="0" townid="0" size="24"/>
<house name="OTServ headquarter (Flat 1, Area 42)" houseid="19" entryx="0" entryy="0" entryz="0" rent="0" townid="0" size="26"/>
<house name="OTServ headquarter (Flat 1, Area 42)" houseid="20" entryx="179" entryy="32" entryz="7" rent="0" townid="0" size="31"/>
<house name="OTServ headquarter (Flat 1, Area 42)" houseid="21" entryx="310" entryy="58" entryz="7" rent="0" townid="0" size="72"/>
<house name="OTServ headquarter (Flat 1, Area 42)" houseid="22" entryx="0" entryy="0" entryz="0" rent="0" townid="0" size="16"/>
<house name="OTServ headquarter (Flat 1, Area 42)" houseid="23" entryx="0" entryy="0" entryz="0" rent="0" townid="0" size="16"/>
<house name="OTServ headquarter (Flat 1, Area 42)" houseid="24" entryx="0" entryy="0" entryz="0" rent="0" townid="0" size="45"/>
<house name="OTServ headquarter (Flat 1, Area 42)" houseid="25" entryx="0" entryy="0" entryz="0" rent="0" townid="0" size="16"/>
<house name="OTServ headquarter (Flat 1, Area 42)" houseid="26" entryx="0" entryy="0" entryz="0" rent="0" townid="0" size="31"/>
<house name="OTServ headquarter (Flat 1, Area 42)" houseid="27" entryx="0" entryy="0" entryz="0" rent="0" townid="0" size="321"/>
<house name="OTServ headquarter (Flat 1, Area 42)" houseid="28" entryx="0" entryy="0" entryz="0" rent="0" townid="0" size="17"/>
<house name="OTServ headquarter (Flat 1, Area 42)" houseid="29" entryx="0" entryy="0" entryz="0" rent="0" townid="0" size="14"/>
<house name="OTServ headquarter (Flat 1, Area 42)" houseid="30" entryx="0" entryy="0" entryz="0" rent="0" townid="0" size="14"/>
<house name="OTServ headquarter (Flat 1, Area 42)" houseid="31" entryx="0" entryy="0" entryz="0" rent="0" townid="0" size="42"/>
<house name="OTServ headquarter (Flat 1, Area 42)" houseid="32" entryx="0" entryy="0" entryz="0" rent="0" townid="0" size="17"/>
<house name="OTServ headquarter (Flat 1, Area 42)" houseid="33" entryx="0" entryy="0" entryz="0" rent="0" townid="0" size="26"/>
</houses>
