<?xml version="1.0" encoding="UTF-8"?>
<map>
  <tile x="157" y="60" z="7">
    <item id="13573"/>
    <item id="2190"/>
    <item id="2182"/>
  </tile>
  <tile x="157" y="61" z="7">
    <item id="2646"/>
    <item id="2681"/>
    <item id="2681"/>
    <item id="2690" count="1"/>
    <item id="2689" count="1"/>
    <item id="2690" count="1"/>
    <item id="2689" count="1"/>
    <item id="2666" count="1"/>
    <item id="2674" count="1"/>
    <item id="2666" count="1"/>
    <item id="2674" count="1"/>
    <item id="2690" count="1"/>
    <item id="2696"/>
    <item id="2681"/>
    <item id="2696"/>
    <item id="2689" count="1"/>
    <item id="2690" count="1"/>
    <item id="2671" count="1"/>
    <item id="2666" count="1"/>
    <item id="2674" count="1"/>
    <item id="2689" count="1"/>
    <item id="2681"/>
    <item id="2681"/>
  </tile>
  <tile x="157" y="62" z="7">
    <item id="2646"/>
    <item id="2666" count="1"/>
    <item id="2671" count="1"/>
    <item id="2690" count="1"/>
    <item id="2696"/>
    <item id="2681"/>
    <item id="2671" count="1"/>
    <item id="2696"/>
    <item id="2681"/>
    <item id="2674" count="1"/>
    <item id="2666" count="1"/>
    <item id="2671" count="1"/>
    <item id="2674" count="1"/>
    <item id="2696"/>
    <item id="2689" count="1"/>
    <item id="2666" count="1"/>
    <item id="2674" count="1"/>
    <item id="2671" count="1"/>
    <item id="2674" count="1"/>
    <item id="2671" count="1"/>
    <item id="2674" count="1"/>
    <item id="2696"/>
    <item id="2681"/>
    <item id="2690" count="2"/>
    <item id="2689" count="2"/>
    <item id="2690" count="1"/>
    <item id="2689" count="2"/>
    <item id="2666" count="2"/>
    <item id="2696"/>
    <item id="2681"/>
    <item id="2666" count="1"/>
    <item id="2671" count="1"/>
    <item id="2689" count="1"/>
    <item id="2696"/>
    <item id="2696"/>
    <item id="2666" count="1"/>
    <item id="2681"/>
    <item id="2671" count="2"/>
    <item id="2674" count="1"/>
    <item id="2696"/>
    <item id="2674" count="1"/>
    <item id="2666" count="1"/>
    <item id="2690" count="1"/>
    <item id="2666" count="1"/>
    <item id="2690" count="1"/>
    <item id="2696"/>
    <item id="2690" count="1"/>
    <item id="2666" count="2"/>
    <item id="2674" count="2"/>
    <item id="2689" count="1"/>
    <item id="2690" count="1"/>
    <item id="2671" count="1"/>
    <item id="2690" count="1"/>
    <item id="2696"/>
    <item id="2666" count="1"/>
    <item id="2696"/>
    <item id="2696"/>
    <item id="2666" count="1"/>
  </tile>
  <tile x="157" y="63" z="7">
    <item id="2390"/>
    <item id="2696"/>
    <item id="2671" count="1"/>
    <item id="2666" count="1"/>
    <item id="2690" count="1"/>
    <item id="2666" count="1"/>
    <item id="2690" count="1"/>
    <item id="2689" count="3"/>
    <item id="2671" count="1"/>
    <item id="2689" count="1"/>
    <item id="2690" count="1"/>
    <item id="2689" count="1"/>
    <item id="2666" count="1"/>
    <item id="2696"/>
    <item id="13690" count="10" charges="10"/>
    <item id="13690" count="10" charges="10"/>
    <item id="13690" count="10" charges="10"/>
  </tile>
  <tile x="158" y="59" z="7">
    <item id="1212"/>
  </tile>
  <tile x="158" y="60" z="7">
    <item id="2390"/>
    <item id="2666" count="1"/>
    <item id="2696"/>
    <item id="2690" count="1"/>
    <item id="2674" count="1"/>
    <item id="2671" count="1"/>
    <item id="2674" count="1"/>
    <item id="2671" count="1"/>
    <item id="2674" count="2"/>
    <item id="2681"/>
    <item id="2690" count="3"/>
    <item id="2671" count="1"/>
    <item id="2690" count="1"/>
    <item id="2696"/>
    <item id="2689" count="1"/>
    <item id="2666" count="1"/>
    <item id="2671" count="1"/>
    <item id="2689" count="1"/>
    <item id="2696"/>
    <item id="2696"/>
    <item id="2681"/>
    <item id="2690" count="1"/>
    <item id="2689" count="1"/>
    <item id="2666" count="2"/>
    <item id="2671" count="1"/>
    <item id="2690" count="1"/>
    <item id="2674" count="2"/>
    <item id="2690" count="1"/>
    <item id="2674" count="1"/>
    <item id="2696"/>
    <item id="2674" count="1"/>
    <item id="2681"/>
    <item id="2689" count="1"/>
    <item id="2696"/>
    <item id="2681"/>
    <item id="2681"/>
    <item id="2690" count="1"/>
    <item id="2666" count="1"/>
    <item id="2681"/>
    <item id="2681"/>
    <item id="2681"/>
    <item id="2674" count="1"/>
    <item id="2689" count="1"/>
    <item id="2681"/>
    <item id="2690" count="1"/>
    <item id="2674" count="1"/>
    <item id="2690" count="1"/>
    <item id="2681"/>
    <item id="2690" count="1"/>
    <item id="2681"/>
    <item id="2690" count="2"/>
    <item id="2681"/>
    <item id="2671" count="1"/>
    <item id="2681"/>
    <item id="2689" count="1"/>
    <item id="2690" count="1"/>
    <item id="2681"/>
    <item id="2671" count="1"/>
    <item id="2690" count="3"/>
    <item id="2671" count="4"/>
    <item id="2666" count="1"/>
    <item id="2690" count="1"/>
    <item id="2696"/>
    <item id="2383"/>
    <item id="2457"/>
    <item id="1987">
      <inside>
        <item id="2398"/>
        <item id="2671" count="1"/>
        <item id="1987">
          <inside>
            <item id="2671" count="2"/>
          </inside>
        </item>
        <item id="1987">
          <inside>
            <item id="2671" count="1"/>
            <item id="2412"/>
          </inside>
        </item>
      </inside>
    </item>
  </tile>
  <tile x="158" y="61" z="7">
    <item id="2470"/>
    <item id="2674" count="1"/>
    <item id="2696"/>
    <item id="2671" count="2"/>
    <item id="2696"/>
    <item id="2689" count="1"/>
    <item id="2674" count="1"/>
    <item id="2671" count="1"/>
    <item id="2674" count="1"/>
    <item id="2689" count="1"/>
    <item id="2666" count="2"/>
    <item id="2690" count="1"/>
    <item id="13690" count="10" charges="10"/>
    <item id="13690" count="10" charges="10"/>
    <item id="13690" count="10" charges="10"/>
    <item id="13690" count="10" charges="10"/>
    <item id="13690" count="10" charges="10"/>
    <item id="13690" count="10" charges="10"/>
    <item id="13690" count="10" charges="10"/>
    <item id="13690" count="10" charges="10"/>
    <item id="13690" count="10" charges="10"/>
    <item id="2696"/>
    <item id="2456"/>
  </tile>
  <tile x="158" y="62" z="7">
    <item id="2390"/>
    <item id="2689" count="1"/>
    <item id="2696"/>
    <item id="2666" count="1"/>
    <item id="2689" count="2"/>
    <item id="2681"/>
    <item id="2671" count="1"/>
    <item id="2696"/>
    <item id="2689" count="1"/>
    <item id="2674" count="2"/>
    <item id="2681"/>
    <item id="2689" count="2"/>
    <item id="2696"/>
    <item id="2696"/>
    <item id="2696"/>
    <item id="2666" count="1"/>
    <item id="2681"/>
    <item id="2696"/>
    <item id="2674" count="2"/>
    <item id="2666" count="1"/>
    <item id="2696"/>
    <item id="2674" count="1"/>
    <item id="2696"/>
    <item id="2681"/>
    <item id="2696"/>
    <item id="2671" count="1"/>
    <item id="2696"/>
    <item id="2671" count="1"/>
    <item id="2696"/>
    <item id="13690" count="10" charges="10"/>
    <item id="13690" count="10" charges="10"/>
    <item id="13690" count="10" charges="10"/>
    <item id="13690" count="10" charges="10"/>
    <item id="13690" count="10" charges="10"/>
    <item id="13690" count="10" charges="10"/>
    <item id="13690" count="10" charges="10"/>
    <item id="13690" count="10" charges="10"/>
    <item id="13690" count="10" charges="10"/>
    <item id="2383"/>
    <item id="2383"/>
  </tile>
  <tile x="158" y="63" z="7">
    <item id="2470"/>
    <item id="2689" count="3"/>
    <item id="2696"/>
    <item id="2666" count="1"/>
    <item id="2674" count="2"/>
    <item id="2681"/>
    <item id="2689" count="1"/>
    <item id="2666" count="1"/>
    <item id="2681"/>
    <item id="2689" count="2"/>
    <item id="2696"/>
    <item id="2666" count="1"/>
    <item id="2674" count="1"/>
    <item id="2690" count="3"/>
    <item id="2681"/>
    <item id="2674" count="1"/>
    <item id="2689" count="1"/>
    <item id="2666" count="1"/>
    <item id="2689" count="1"/>
    <item id="2674" count="1"/>
    <item id="2689" count="1"/>
    <item id="2690" count="1"/>
    <item id="2674" count="1"/>
    <item id="2671" count="1"/>
    <item id="2681"/>
    <item id="2681"/>
    <item id="2666" count="1"/>
    <item id="2690" count="1"/>
    <item id="2674" count="1"/>
    <item id="2696"/>
    <item id="2689" count="3"/>
    <item id="2671" count="1"/>
    <item id="2689" count="1"/>
    <item id="2666" count="1"/>
    <item id="2681"/>
    <item id="2674" count="1"/>
    <item id="2689" count="1"/>
    <item id="2671" count="1"/>
    <item id="2690" count="1"/>
    <item id="2671" count="1"/>
    <item id="2690" count="1"/>
    <item id="2666" count="1"/>
    <item id="2690" count="2"/>
    <item id="2671" count="3"/>
    <item id="2690" count="1"/>
    <item id="13690" count="10" charges="10"/>
    <item id="13690" count="10" charges="10"/>
    <item id="13690" count="10" charges="10"/>
    <item id="13690" count="10" charges="10"/>
    <item id="13690" count="10" charges="10"/>
    <item id="13690" count="10" charges="10"/>
    <item id="13690" count="10" charges="10"/>
    <item id="13690" count="10" charges="10"/>
    <item id="13690" count="10" charges="10"/>
    <item id="2544" count="1"/>
  </tile>
  <tile x="158" y="64" z="7">
    <item id="2543" count="100"/>
    <item id="2543" count="20"/>
    <item id="2696"/>
    <item id="2671" count="1"/>
    <item id="2696"/>
    <item id="2671" count="1"/>
    <item id="2690" count="3"/>
    <item id="2666" count="1"/>
    <item id="2674" count="1"/>
    <item id="2671" count="1"/>
    <item id="2674" count="1"/>
    <item id="2690" count="1"/>
    <item id="2696"/>
    <item id="2696"/>
    <item id="2689" count="1"/>
    <item id="2681"/>
    <item id="2689" count="1"/>
    <item id="2666" count="1"/>
    <item id="2671" count="1"/>
    <item id="2690" count="1"/>
    <item id="2666" count="1"/>
    <item id="2696"/>
    <item id="2671" count="1"/>
    <item id="2666" count="1"/>
    <item id="2696"/>
    <item id="2690" count="2"/>
    <item id="2671" count="1"/>
    <item id="2696"/>
    <item id="2674" count="1"/>
    <item id="2696"/>
    <item id="2696"/>
    <item id="2666" count="2"/>
    <item id="2690" count="1"/>
    <item id="2689" count="1"/>
    <item id="2681"/>
    <item id="2674" count="1"/>
    <item id="2689" count="1"/>
    <item id="2696"/>
    <item id="2671" count="1"/>
    <item id="2674" count="1"/>
    <item id="2681"/>
    <item id="2666" count="1"/>
    <item id="2690" count="2"/>
    <item id="2689" count="1"/>
    <item id="2696"/>
    <item id="2690" count="1"/>
    <item id="2689" count="1"/>
    <item id="2666" count="3"/>
    <item id="2681"/>
    <item id="2690" count="1"/>
    <item id="2671" count="1"/>
    <item id="2696"/>
    <item id="2666" count="2"/>
    <item id="2689" count="1"/>
    <item id="2666" count="1"/>
    <item id="2689" count="1"/>
    <item id="2681"/>
    <item id="2674" count="2"/>
    <item id="2666" count="1"/>
    <item id="2674" count="1"/>
    <item id="2666" count="1"/>
    <item id="2690" count="1"/>
    <item id="2696"/>
    <item id="2681"/>
    <item id="2671" count="2"/>
    <item id="2674" count="1"/>
    <item id="2666" count="3"/>
    <item id="2671" count="1"/>
    <item id="2666" count="2"/>
    <item id="2689" count="1"/>
    <item id="2681"/>
    <item id="2671" count="1"/>
    <item id="2690" count="1"/>
    <item id="2681"/>
    <item id="2696"/>
    <item id="2690" count="1"/>
    <item id="2671" count="1"/>
    <item id="2674" count="1"/>
    <item id="2696"/>
    <item id="2689" count="1"/>
    <item id="2681"/>
    <item id="2689" count="1"/>
    <item id="2696"/>
  </tile>
  <tile x="159" y="60" z="7">
    <item id="2472"/>
    <item id="13690" count="10" charges="10"/>
    <item id="13690" count="10" charges="10"/>
    <item id="13690" count="10" charges="10"/>
    <item id="13690" count="10" charges="10"/>
    <item id="13690" count="10" charges="10"/>
    <item id="2666" count="1"/>
    <item id="2681"/>
    <item id="2681"/>
    <item id="2671" count="1"/>
    <item id="2689" count="2"/>
    <item id="2690" count="1"/>
    <item id="2671" count="1"/>
    <item id="2696"/>
    <item id="2671" count="1"/>
    <item id="2666" count="2"/>
    <item id="2674" count="1"/>
    <item id="2666" count="1"/>
    <item id="2689" count="2"/>
    <item id="2696"/>
    <item id="2671" count="1"/>
    <item id="2696"/>
    <item id="2689" count="1"/>
    <item id="2674" count="1"/>
    <item id="2696"/>
    <item id="2674" count="1"/>
    <item id="2689" count="1"/>
    <item id="2690" count="1"/>
    <item id="2689" count="1"/>
    <item id="2696"/>
    <item id="2674" count="1"/>
    <item id="2689" count="2"/>
    <item id="2681"/>
    <item id="2674" count="1"/>
    <item id="2671" count="2"/>
    <item id="2666" count="1"/>
    <item id="2696"/>
    <item id="2696"/>
    <item id="2681"/>
    <item id="2696"/>
    <item id="2681"/>
    <item id="2689" count="3"/>
    <item id="2666" count="1"/>
    <item id="2696"/>
    <item id="2671" count="1"/>
    <item id="2696"/>
    <item id="2689" count="1"/>
    <item id="2666" count="1"/>
    <item id="2671" count="1"/>
    <item id="2696"/>
    <item id="2674" count="3"/>
    <item id="2689" count="1"/>
    <item id="2674" count="1"/>
    <item id="2666" count="1"/>
    <item id="2690" count="5"/>
    <item id="2689" count="1"/>
    <item id="2690" count="1"/>
    <item id="2696"/>
    <item id="2696"/>
    <item id="2671" count="1"/>
    <item id="2666" count="1"/>
    <item id="2696"/>
    <item id="2674" count="1"/>
    <item id="2666" count="1"/>
    <item id="2674" count="1"/>
    <item id="2696"/>
    <item id="2671" count="1"/>
    <item id="2690" count="1"/>
    <item id="2674" count="1"/>
    <item id="2696"/>
    <item id="2689" count="1"/>
    <item id="2671" count="1"/>
    <item id="2690" count="1"/>
    <item id="2696"/>
    <item id="2666" count="1"/>
    <item id="2690" count="1"/>
    <item id="2696"/>
    <item id="2666" count="1"/>
    <item id="2690" count="1"/>
    <item id="13690" count="10" charges="10"/>
    <item id="13690" count="10" charges="10"/>
    <item id="13690" count="10" charges="10"/>
    <item id="13690" count="10" charges="10"/>
    <item id="13690" count="10" charges="10"/>
    <item id="13690" count="10" charges="10"/>
    <item id="13690" count="10" charges="10"/>
    <item id="13690" count="10" charges="10"/>
    <item id="13690" count="10" charges="10"/>
    <item id="13690" count="10" charges="10"/>
    <item id="2509"/>
  </tile>
  <tile x="159" y="61" z="7">
    <item id="2522"/>
    <item id="2543" count="20"/>
    <item id="2666" count="2"/>
    <item id="2681"/>
    <item id="2689" count="1"/>
    <item id="2681"/>
    <item id="2681"/>
    <item id="2696"/>
    <item id="2674" count="1"/>
    <item id="2671" count="1"/>
    <item id="2696"/>
    <item id="2690" count="1"/>
    <item id="2696"/>
    <item id="2666" count="1"/>
    <item id="2674" count="1"/>
    <item id="2690" count="1"/>
    <item id="2666" count="1"/>
    <item id="2671" count="1"/>
    <item id="2690" count="1"/>
    <item id="2696"/>
    <item id="2671" count="1"/>
    <item id="2690" count="1"/>
    <item id="2671" count="1"/>
    <item id="2666" count="1"/>
    <item id="2690" count="1"/>
    <item id="2689" count="1"/>
    <item id="2671" count="1"/>
    <item id="2690" count="1"/>
    <item id="2681"/>
    <item id="2696"/>
    <item id="2690" count="1"/>
    <item id="2689" count="1"/>
    <item id="2681"/>
    <item id="2666" count="4"/>
    <item id="2671" count="1"/>
    <item id="2696"/>
    <item id="2671" count="1"/>
    <item id="2696"/>
    <item id="2689" count="1"/>
    <item id="2681"/>
    <item id="2666" count="1"/>
    <item id="2689" count="2"/>
    <item id="2690" count="1"/>
    <item id="2671" count="1"/>
    <item id="2689" count="1"/>
    <item id="2690" count="1"/>
    <item id="2674" count="2"/>
    <item id="2681"/>
    <item id="2681"/>
    <item id="2674" count="1"/>
    <item id="2681"/>
    <item id="2689" count="1"/>
    <item id="2690" count="1"/>
    <item id="13690" count="10" charges="10"/>
    <item id="13690" count="10" charges="10"/>
    <item id="13690" count="10" charges="10"/>
    <item id="13690" count="10" charges="10"/>
    <item id="13690" count="10" charges="10"/>
    <item id="13690" count="10" charges="10"/>
    <item id="13690" count="10" charges="10"/>
    <item id="13690" count="10" charges="10"/>
    <item id="13690" count="10" charges="10"/>
    <item id="13690" count="10" charges="10"/>
    <item id="2476"/>
    <item id="2182"/>
  </tile>
  <tile x="159" y="62" z="7">
    <item id="2390"/>
    <item id="2543" count="20"/>
    <item id="2690" count="1"/>
    <item id="2666" count="1"/>
    <item id="2674" count="1"/>
    <item id="2696"/>
    <item id="2681"/>
    <item id="2689" count="1"/>
    <item id="2666" count="1"/>
    <item id="2671" count="1"/>
    <item id="2666" count="1"/>
    <item id="2696"/>
    <item id="2689" count="1"/>
    <item id="2690" count="2"/>
    <item id="2696"/>
    <item id="2696"/>
    <item id="2681"/>
    <item id="2690" count="2"/>
    <item id="2696"/>
    <item id="2681"/>
    <item id="2674" count="1"/>
    <item id="2689" count="1"/>
    <item id="2681"/>
    <item id="2689" count="1"/>
    <item id="2674" count="1"/>
    <item id="2671" count="1"/>
    <item id="2690" count="2"/>
    <item id="2681"/>
    <item id="2690" count="1"/>
    <item id="2696"/>
    <item id="2681"/>
    <item id="2681"/>
    <item id="2690" count="2"/>
    <item id="2666" count="2"/>
    <item id="2696"/>
    <item id="2696"/>
    <item id="2696"/>
    <item id="2666" count="2"/>
    <item id="2674" count="1"/>
    <item id="2671" count="2"/>
    <item id="2681"/>
    <item id="2674" count="1"/>
    <item id="2666" count="1"/>
    <item id="2690" count="2"/>
    <item id="2674" count="1"/>
    <item id="2671" count="2"/>
    <item id="2696"/>
    <item id="2696"/>
    <item id="2689" count="1"/>
    <item id="2696"/>
    <item id="13690" count="10" charges="10"/>
    <item id="13690" count="10" charges="10"/>
    <item id="13690" count="10" charges="10"/>
    <item id="13690" count="10" charges="10"/>
    <item id="13690" count="10" charges="10"/>
    <item id="13690" count="10" charges="10"/>
    <item id="13690" count="10" charges="10"/>
    <item id="13690" count="10" charges="10"/>
    <item id="13690" count="10" charges="10"/>
  </tile>
  <tile x="159" y="63" z="7">
    <item id="2472"/>
    <item id="2671" count="1"/>
    <item id="2666" count="1"/>
    <item id="2696"/>
    <item id="2671" count="2"/>
    <item id="2681"/>
    <item id="2674" count="1"/>
    <item id="2689" count="1"/>
    <item id="2671" count="2"/>
    <item id="2689" count="1"/>
    <item id="2690" count="2"/>
    <item id="2696"/>
    <item id="2681"/>
    <item id="2666" count="1"/>
    <item id="2671" count="1"/>
    <item id="2690" count="2"/>
    <item id="2689" count="1"/>
    <item id="2671" count="1"/>
    <item id="2696"/>
    <item id="2681"/>
    <item id="2674" count="1"/>
    <item id="13690" count="10" charges="10"/>
    <item id="13690" count="10" charges="10"/>
    <item id="13690" count="10" charges="10"/>
    <item id="13690" count="10" charges="10"/>
    <item id="13690" count="10" charges="10"/>
    <item id="13690" count="10" charges="10"/>
    <item id="13690" count="10" charges="10"/>
    <item id="13690" count="10" charges="10"/>
    <item id="13690" count="10" charges="10"/>
  </tile>
  <tile x="152" y="60" z="7">
    <item id="2390"/>
  </tile>
  <tile x="152" y="61" z="7">
    <item id="2646"/>
  </tile>
  <tile x="152" y="62" z="7">
    <item id="2472"/>
  </tile>
  <tile x="153" y="59" z="7">
    <item id="1212"/>
  </tile>
  <tile x="153" y="60" z="7">
    <item id="2173"/>
  </tile>
  <tile x="153" y="61" z="7">
    <item id="2522"/>
  </tile>
  <tile x="153" y="62" z="7">
    <item id="2393"/>
  </tile>
  <tile x="154" y="60" z="7">
    <item id="5903"/>
  </tile>
  <tile x="154" y="61" z="7">
    <item id="6553"/>
  </tile>
  <tile x="154" y="62" z="7">
    <item id="2160" count="94"/>
  </tile>
  <tile x="147" y="60" z="7">
    <item id="13501"/>
    <item id="13551"/>
  </tile>
  <tile x="147" y="61" z="7">
    <item id="13597"/>
    <item id="13523"/>
  </tile>
  <tile x="147" y="62" z="7">
    <item id="13598"/>
  </tile>
  <tile x="147" y="63" z="7">
    <item id="13588"/>
  </tile>
  <tile x="147" y="64" z="7">
    <item id="13519"/>
    <item id="13500"/>
  </tile>
  <tile x="148" y="59" z="7">
    <item id="1214"/>
  </tile>
  <tile x="148" y="60" z="7">
    <item id="13572"/>
    <item id="13500"/>
  </tile>
  <tile x="148" y="61" z="7">
    <item id="13590"/>
    <item id="13525"/>
  </tile>
  <tile x="148" y="62" z="7">
    <item id="13581"/>
  </tile>
  <tile x="148" y="63" z="7">
    <item id="13549"/>
  </tile>
  <tile x="148" y="64" z="7">
    <item id="13590"/>
  </tile>
  <tile x="149" y="60" z="7">
    <item id="13508"/>
    <item id="13551"/>
  </tile>
  <tile x="149" y="63" z="7">
    <item id="13580"/>
    <item id="13588"/>
    <item id="13519"/>
  </tile>
  <tile x="149" y="64" z="7">
    <item id="13598"/>
    <item id="13550"/>
  </tile>
  <tile x="133" y="62" z="7">
    <item id="2472"/>
  </tile>
  <tile x="133" y="63" z="7">
    <item id="2432"/>
  </tile>
  <tile x="133" y="64" z="7">
    <item id="2173"/>
  </tile>
  <tile x="133" y="65" z="7">
    <item id="6558"/>
  </tile>
  <tile x="134" y="61" z="7">
    <item id="1212"/>
  </tile>
  <tile x="134" y="64" z="7">
    <item id="2432"/>
  </tile>
  <tile x="134" y="65" z="7">
    <item id="6558"/>
  </tile>
  <tile x="135" y="62" z="7">
    <item id="2520"/>
    <item id="13623"/>
  </tile>
  <tile x="135" y="63" z="7">
    <item id="6558"/>
  </tile>
  <tile x="135" y="64" z="7">
    <item id="6558"/>
  </tile>
  <tile x="135" y="65" z="7">
    <item id="6558"/>
  </tile>
  <tile x="128" y="63" z="7">
    <item id="13513"/>
  </tile>
  <tile x="129" y="61" z="7">
    <item id="1214"/>
  </tile>
  <tile x="129" y="63" z="7">
    <item id="13573"/>
    <item id="13513"/>
    <item id="2151" count="1"/>
  </tile>
  <tile x="129" y="64" z="7">
    <item id="5903"/>
    <item id="2151" count="1"/>
  </tile>
  <tile x="130" y="62" z="7">
    <item id="1988"/>
  </tile>
  <tile x="130" y="63" z="7">
    <item id="13573"/>
    <item id="13513"/>
  </tile>
  <tile x="130" y="64" z="7">
    <item id="13513"/>
    <item id="2496"/>
    <item id="2123"/>
  </tile>
  <tile x="144" y="42" z="7">
    <item id="1212"/>
  </tile>
  <tile x="140" y="31" z="7">
    <item id="13573"/>
  </tile>
  <tile x="140" y="32" z="7">
    <item id="1214"/>
  </tile>
  <tile x="143" y="29" z="7">
    <item id="13573"/>
  </tile>
  <tile x="145" y="30" z="7">
    <item id="13543"/>
  </tile>
  <tile x="146" y="30" z="7">
    <item id="2656"/>
  </tile>
  <tile x="147" y="29" z="7">
    <item id="2393"/>
  </tile>
  <tile x="147" y="30" z="7">
    <item id="2399" count="1"/>
    <item id="13533"/>
    <item id="13557"/>
  </tile>
  <tile x="148" y="29" z="7">
    <item id="13514"/>
  </tile>
  <tile x="148" y="30" z="7">
    <item id="2352"/>
  </tile>
  <tile x="148" y="31" z="7">
    <item id="2522"/>
  </tile>
  <tile x="148" y="32" z="7">
    <item id="1214"/>
  </tile>
  <tile x="149" y="29" z="7">
    <item id="13539"/>
  </tile>
  <tile x="149" y="30" z="7">
    <item id="5903"/>
  </tile>
  <tile x="149" y="31" z="7">
    <item id="2488"/>
  </tile>
  <tile x="150" y="29" z="7">
    <item id="13514"/>
  </tile>
  <tile x="150" y="30" z="7">
    <item id="2399" count="1"/>
    <item id="13554"/>
  </tile>
  <tile x="150" y="31" z="7">
    <item id="13573"/>
  </tile>
  <tile x="151" y="30" z="7">
    <item id="2455"/>
  </tile>
  <tile x="155" y="29" z="7">
    <item id="13513"/>
  </tile>
  <tile x="155" y="30" z="7">
    <item id="13533"/>
    <item id="13565"/>
  </tile>
  <tile x="155" y="31" z="7">
    <item id="13514"/>
    <item id="13514"/>
    <item id="13549"/>
  </tile>
  <tile x="155" y="32" z="7">
    <item id="13599"/>
  </tile>
  <tile x="156" y="29" z="7">
    <item id="13533"/>
  </tile>
  <tile x="156" y="30" z="7">
    <item id="13539"/>
    <item id="13539"/>
    <item id="13539"/>
    <item id="13573"/>
  </tile>
  <tile x="156" y="31" z="7">
    <item id="13533"/>
    <item id="13550"/>
  </tile>
  <tile x="156" y="32" z="7">
    <item id="13500"/>
    <item id="13500"/>
    <item id="13598"/>
  </tile>
  <tile x="157" y="29" z="7">
    <item id="13506"/>
    <item id="13506"/>
    <item id="13591"/>
  </tile>
  <tile x="157" y="30" z="7">
    <item id="13533"/>
    <item id="1988">
      <inside>
        <item id="1988">
          <inside>
            <item id="1988">
              <inside>
                <item id="1988"/>
              </inside>
            </item>
          </inside>
        </item>
      </inside>
    </item>
    <item id="13572"/>
  </tile>
  <tile x="157" y="31" z="7">
    <item id="13508"/>
    <item id="13599"/>
    <item id="2514"/>
    <item id="13554"/>
    <item id="2273" count="30" charges="30"/>
    <item id="13513"/>
  </tile>
  <tile x="157" y="32" z="7">
    <item id="2477"/>
  </tile>
  <tile x="157" y="33" z="7">
    <item id="1636"/>
  </tile>
  <tile x="158" y="29" z="7">
    <item id="2656"/>
    <item id="13552"/>
  </tile>
  <tile x="158" y="30" z="7">
    <item id="13527"/>
    <item id="13573"/>
  </tile>
  <tile x="158" y="31" z="7">
    <item id="13508"/>
    <item id="13579"/>
    <item id="13550"/>
  </tile>
  <tile x="158" y="32" z="7">
    <item id="13539"/>
    <item id="13598"/>
    <item id="13539"/>
  </tile>
  <tile x="159" y="29" z="7">
    <item id="13556"/>
  </tile>
  <tile x="159" y="30" z="7">
    <item id="13573"/>
    <item id="13565"/>
  </tile>
  <tile x="159" y="31" z="7">
    <item id="13543"/>
    <item id="13549"/>
  </tile>
  <tile x="159" y="32" z="7">
    <item id="13519"/>
    <item id="13599"/>
  </tile>
  <tile x="164" y="37" z="7">
    <item id="1635"/>
  </tile>
  <tile x="165" y="34" z="7">
    <item id="1718"/>
  </tile>
  <tile x="166" y="34" z="7">
    <item id="1720"/>
  </tile>
  <tile x="166" y="37" z="7">
    <item id="2352"/>
  </tile>
  <tile x="167" y="33" z="7">
    <item id="1212"/>
  </tile>
  <tile x="168" y="34" z="7">
    <item id="1710"/>
  </tile>
  <tile x="169" y="34" z="7">
    <item id="1711"/>
  </tile>
  <tile x="173" y="53" z="7">
    <item id="1214"/>
  </tile>
  <tile x="174" y="54" z="7">
    <item id="13557"/>
  </tile>
  <tile x="175" y="52" z="7">
    <item id="13533"/>
  </tile>
  <tile x="175" y="54" z="7">
    <item id="13573"/>
  </tile>
  <tile x="176" y="52" z="7">
    <item id="13533"/>
  </tile>
  <tile x="176" y="53" z="7">
    <item id="5903"/>
  </tile>
  <tile x="176" y="54" z="7">
    <item id="2494"/>
  </tile>
  <tile x="176" y="56" z="7">
    <item id="1214"/>
  </tile>
  <tile x="177" y="52" z="7">
    <item id="13533"/>
  </tile>
  <tile x="177" y="53" z="7">
    <item id="2390"/>
  </tile>
  <tile x="177" y="54" z="7">
    <item id="13549"/>
  </tile>
  <tile x="178" y="53" z="7">
    <item id="13533"/>
  </tile>
  <tile x="172" y="35" z="7">
    <item id="2153"/>
    <item id="1872"/>
    <item id="13580"/>
    <item id="13508"/>
  </tile>
  <tile x="172" y="36" z="7">
    <item id="1872"/>
    <item id="13580"/>
    <item id="13519"/>
    <item id="2352"/>
  </tile>
  <tile x="172" y="37" z="7">
    <item id="2153"/>
    <item id="1872"/>
    <item id="13580"/>
    <item id="13508"/>
  </tile>
  <tile x="173" y="35" z="7">
    <item id="1866"/>
    <item id="13589"/>
    <item id="2352"/>
  </tile>
  <tile x="173" y="36" z="7">
    <item id="1866"/>
    <item id="13597"/>
    <item id="2352"/>
  </tile>
  <tile x="173" y="37" z="7">
    <item id="1866"/>
    <item id="13589"/>
    <item id="2352"/>
  </tile>
  <tile x="174" y="35" z="7">
    <item id="1866"/>
    <item id="13584"/>
    <item id="13551"/>
  </tile>
  <tile x="174" y="36" z="7">
    <item id="1866"/>
    <item id="13588"/>
    <item id="2471"/>
    <item id="13523"/>
  </tile>
  <tile x="174" y="37" z="7">
    <item id="1866"/>
    <item id="13598"/>
    <item id="13550"/>
  </tile>
  <tile x="175" y="35" z="7">
    <item id="1860"/>
  </tile>
  <tile x="175" y="36" z="7">
    <item id="1860"/>
    <item id="13598"/>
    <item id="13550"/>
    <item id="2352"/>
  </tile>
  <tile x="175" y="37" z="7">
    <item id="1860"/>
    <item id="13556"/>
  </tile>
  <tile x="176" y="35" z="7">
    <item id="2158"/>
    <item id="1860"/>
    <item id="13598"/>
    <item id="13565"/>
    <item id="13599"/>
    <item id="2352"/>
  </tile>
  <tile x="176" y="36" z="7">
    <item id="1860"/>
    <item id="13598"/>
    <item id="13565"/>
    <item id="2352"/>
  </tile>
  <tile x="176" y="37" z="7">
    <item id="2158"/>
    <item id="1860"/>
    <item id="13598"/>
    <item id="13565"/>
    <item id="13600"/>
    <item id="2352"/>
  </tile>
  <tile x="177" y="36" z="7">
    <item id="1209"/>
  </tile>
  <tile x="172" y="29" z="7">
    <item id="13552"/>
    <item id="13590"/>
  </tile>
  <tile x="172" y="30" z="7">
    <item id="13599"/>
    <item id="13508"/>
  </tile>
  <tile x="172" y="31" z="7">
    <item id="13598"/>
    <item id="13533"/>
    <item id="13584"/>
    <item id="13523"/>
  </tile>
  <tile x="173" y="29" z="7">
    <item id="13598"/>
    <item id="2471"/>
  </tile>
  <tile x="173" y="30" z="7">
    <item id="13604"/>
    <item id="13604"/>
    <item id="13573"/>
    <item id="13547"/>
  </tile>
  <tile x="173" y="31" z="7">
    <item id="13580"/>
    <item id="13583"/>
    <item id="2201" charges="200"/>
  </tile>
  <tile x="174" y="29" z="7">
    <item id="13586"/>
  </tile>
  <tile x="174" y="30" z="7">
    <item id="13588"/>
    <item id="13553"/>
  </tile>
  <tile x="174" y="31" z="7">
    <item id="13604"/>
    <item id="13519"/>
    <item id="13600"/>
  </tile>
  <tile x="175" y="29" z="7">
    <item id="13598"/>
    <item id="2471"/>
  </tile>
  <tile x="175" y="30" z="7">
    <item id="13604"/>
    <item id="13573"/>
    <item id="13544"/>
  </tile>
  <tile x="175" y="31" z="7">
    <item id="13580"/>
    <item id="13583"/>
    <item id="13501"/>
  </tile>
  <tile x="176" y="29" z="7">
    <item id="13552"/>
    <item id="13550"/>
  </tile>
  <tile x="176" y="30" z="7">
    <item id="13599"/>
    <item id="13530"/>
  </tile>
  <tile x="176" y="31" z="7">
    <item id="13598"/>
    <item id="13533"/>
    <item id="2352"/>
  </tile>
  <tile x="176" y="32" z="7">
    <item id="2674" count="2"/>
    <item id="2671" count="1"/>
    <item id="2690" count="2"/>
    <item id="2671" count="1"/>
    <item id="2696"/>
    <item id="2690" count="1"/>
    <item id="2681"/>
    <item id="2696"/>
    <item id="2690" count="1"/>
    <item id="2689" count="1"/>
    <item id="2696"/>
    <item id="2666" count="1"/>
    <item id="1214"/>
  </tile>
  <tile x="179" y="29" z="7">
    <item id="1869"/>
    <item id="13572"/>
    <item id="13551"/>
    <item id="13685" count="2"/>
  </tile>
  <tile x="179" y="30" z="7">
    <item id="1863"/>
    <item id="13580"/>
  </tile>
  <tile x="179" y="31" z="7">
    <item id="1872"/>
    <item id="13583"/>
    <item id="13557"/>
    <item id="2160" count="76"/>
  </tile>
  <tile x="180" y="29" z="7">
    <item id="1866"/>
    <item id="13547"/>
    <item id="13501"/>
  </tile>
  <tile x="180" y="30" z="7">
    <item id="1863"/>
    <item id="13580"/>
  </tile>
  <tile x="180" y="31" z="7">
    <item id="1866"/>
    <item id="1988">
      <inside>
        <item id="13690" count="10" charges="10"/>
        <item id="2268" count="2" charges="2"/>
        <item id="2273" count="30" charges="30"/>
        <item id="2293" count="25" charges="25"/>
        <item id="2544" count="45"/>
      </inside>
    </item>
  </tile>
  <tile x="180" y="32" z="7">
    <item id="1214"/>
  </tile>
  <tile x="181" y="29" z="7">
    <item id="1863"/>
    <item id="13580"/>
  </tile>
  <tile x="181" y="30" z="7">
    <item id="13599"/>
    <item id="13597"/>
    <item id="13533"/>
  </tile>
  <tile x="181" y="31" z="7">
    <item id="1863"/>
    <item id="13580"/>
  </tile>
  <tile x="182" y="29" z="7">
    <item id="1866"/>
    <item id="13547"/>
    <item id="13501"/>
  </tile>
  <tile x="182" y="30" z="7">
    <item id="1863"/>
    <item id="13580"/>
    <item id="13519"/>
  </tile>
  <tile x="182" y="31" z="7">
    <item id="1866"/>
  </tile>
  <tile x="183" y="29" z="7">
    <item id="1880"/>
    <item id="13584"/>
  </tile>
  <tile x="183" y="30" z="7">
    <item id="1863"/>
    <item id="13598"/>
    <item id="13580"/>
  </tile>
  <tile x="183" y="31" z="7">
    <item id="1860"/>
    <item id="2105"/>
  </tile>
  <tile x="156" y="30" z="6">
    <item id="13573"/>
  </tile>
  <tile x="157" y="31" z="6">
    <item id="2352"/>
  </tile>
  <tile x="162" y="31" z="6">
    <item id="13500"/>
  </tile>
  <tile x="164" y="31" z="6">
    <item id="1209"/>
  </tile>
  <tile x="166" y="32" z="6">
    <item id="1209"/>
  </tile>
  <tile x="167" y="32" z="6">
    <item id="2390"/>
    <item id="2160" count="1"/>
  </tile>
  <tile x="167" y="33" z="6">
    <item id="13539"/>
    <item id="2160" count="1"/>
  </tile>
  <tile x="167" y="34" z="6">
    <item id="13539"/>
    <item id="2160" count="1"/>
  </tile>
  <tile x="167" y="35" z="6">
    <item id="13539"/>
    <item id="2160" count="1"/>
  </tile>
  <tile x="168" y="32" z="6">
    <item id="2160" count="1"/>
  </tile>
  <tile x="168" y="33" z="6">
    <item id="2522"/>
    <item id="2160" count="1"/>
  </tile>
  <tile x="168" y="34" z="6">
    <item id="13513"/>
    <item id="2160" count="1"/>
  </tile>
  <tile x="168" y="35" z="6">
    <item id="13579"/>
    <item id="2160" count="1"/>
  </tile>
  <tile x="169" y="32" z="6">
    <item id="2160" count="1"/>
  </tile>
  <tile x="169" y="33" z="6">
    <item id="2656"/>
    <item id="2160" count="1"/>
  </tile>
  <tile x="169" y="34" z="6">
    <item id="13573"/>
    <item id="2160" count="1"/>
  </tile>
  <tile x="169" y="35" z="6">
    <item id="13579"/>
    <item id="2160" count="1"/>
  </tile>
  <tile x="165" y="36" z="6">
    <item id="1214"/>
  </tile>
  <tile x="169" y="38" z="6">
    <item id="2152" count="53"/>
  </tile>
  <tile x="164" y="31" z="5">
    <item id="1211"/>
  </tile>
  <tile x="165" y="31" z="5">
    <item id="2456"/>
  </tile>
  <tile x="165" y="32" z="5">
    <item id="13573"/>
  </tile>
  <tile x="166" y="31" z="5">
    <item id="2456"/>
  </tile>
  <tile x="166" y="33" z="5">
    <item id="13539"/>
  </tile>
  <tile x="167" y="31" z="5">
    <item id="1211"/>
  </tile>
  <tile x="166" y="37" z="5">
    <item id="13533"/>
  </tile>
  <tile x="166" y="39" z="5">
    <item id="2457"/>
  </tile>
  <tile x="167" y="39" z="5">
    <item id="2457"/>
  </tile>
  <tile x="168" y="34" z="5">
    <item id="1214"/>
  </tile>
  <tile x="168" y="36" z="5">
    <item id="13513"/>
  </tile>
  <tile x="168" y="37" z="5">
    <item id="13596"/>
  </tile>
  <tile x="168" y="39" z="5">
    <item id="2509"/>
  </tile>
  <tile x="169" y="36" z="5">
    <item id="13506"/>
  </tile>
  <tile x="178" y="99" z="7">
    <item id="2462"/>
    <item id="13685" count="2"/>
  </tile>
  <tile x="178" y="100" z="7">
    <item id="2671" count="100"/>
    <item id="2494"/>
  </tile>
  <tile x="178" y="101" z="7">
    <item id="2158"/>
  </tile>
  <tile x="178" y="102" z="7">
    <item id="2319"/>
  </tile>
  <tile x="178" y="103" z="7">
    <item id="2145" count="3"/>
  </tile>
  <tile x="179" y="99" z="7">
    <item id="2462"/>
  </tile>
  <tile x="179" y="100" z="7">
    <item id="13580"/>
  </tile>
  <tile x="179" y="101" z="7">
    <item id="2158"/>
  </tile>
  <tile x="179" y="102" z="7">
    <item id="2319"/>
  </tile>
  <tile x="179" y="103" z="7">
    <item id="2147" count="1"/>
  </tile>
  <tile x="180" y="99" z="7">
    <item id="2462"/>
  </tile>
  <tile x="180" y="100" z="7">
    <item id="13580"/>
  </tile>
  <tile x="180" y="101" z="7">
    <item id="2158"/>
  </tile>
  <tile x="180" y="102" z="7">
    <item id="2319"/>
  </tile>
  <tile x="180" y="103" z="7">
    <item id="2150" count="1"/>
  </tile>
  <tile x="181" y="99" z="7">
    <item id="2462"/>
  </tile>
  <tile x="181" y="100" z="7">
    <item id="2390"/>
  </tile>
  <tile x="181" y="101" z="7">
    <item id="2158"/>
  </tile>
  <tile x="181" y="102" z="7">
    <item id="2153"/>
  </tile>
  <tile x="181" y="103" z="7">
    <item id="2149" count="4"/>
  </tile>
  <tile x="181" y="104" z="7">
    <item id="3535"/>
  </tile>
  <tile x="182" y="99" z="7">
    <item id="2462"/>
    <item id="6500" count="5"/>
  </tile>
  <tile x="182" y="100" z="7">
    <item id="2144" count="18"/>
  </tile>
  <tile x="182" y="101" z="7">
    <item id="2153"/>
  </tile>
  <tile x="182" y="102" z="7">
    <item id="2153"/>
  </tile>
  <tile x="182" y="103" z="7">
    <item id="2153"/>
  </tile>
  <tile x="183" y="99" z="7">
    <item id="2520"/>
  </tile>
  <tile x="183" y="100" z="7">
    <item id="2546" count="1"/>
  </tile>
  <tile x="183" y="101" z="7">
    <item id="5944" count="15"/>
  </tile>
  <tile x="183" y="102" z="7">
    <item id="2432"/>
  </tile>
  <tile x="183" y="103" z="7">
    <item id="2393"/>
    <item id="2393"/>
  </tile>
  <tile x="215" y="105" z="7">
    <item id="1236"/>
  </tile>
  <tile x="215" y="107" z="7">
    <item id="1236"/>
  </tile>
  <tile x="218" y="101" z="7">
    <item id="1236"/>
  </tile>
  <tile x="221" y="105" z="7">
    <item id="1236"/>
  </tile>
  <tile x="221" y="107" z="7">
    <item id="1236"/>
  </tile>
  <tile x="213" y="73" z="7">
    <item id="1251"/>
  </tile>
  <tile x="214" y="72" z="7">
    <item id="2313" count="6" charges="6"/>
  </tile>
  <tile x="215" y="72" z="7">
    <item id="13623"/>
  </tile>
  <tile x="215" y="74" z="7">
    <item id="13623"/>
  </tile>
  <tile x="216" y="73" z="7">
    <item id="5903"/>
  </tile>
  <tile x="216" y="74" z="7">
    <item id="5903"/>
  </tile>
  <tile x="217" y="72" z="7">
    <item id="13623"/>
  </tile>
  <tile x="217" y="74" z="7">
    <item id="13623"/>
  </tile>
  <tile x="213" y="77" z="7">
    <item id="1250"/>
  </tile>
  <tile x="204" y="78" z="6">
    <item id="13685" count="100"/>
    <item id="1988"/>
  </tile>
  <tile x="204" y="80" z="6">
    <item id="13550"/>
  </tile>
  <tile x="204" y="81" z="6">
    <item id="13588"/>
  </tile>
  <tile x="205" y="76" z="6">
    <item id="1254"/>
  </tile>
  <tile x="205" y="80" z="6">
    <item id="13508"/>
  </tile>
  <tile x="205" y="81" z="6">
    <item id="13506"/>
  </tile>
  <tile x="206" y="75" z="6">
    <item id="1250"/>
  </tile>
  <tile x="207" y="72" z="6">
    <item id="13513"/>
  </tile>
  <tile x="207" y="73" z="6">
    <item id="13539"/>
  </tile>
  <tile x="207" y="74" z="6">
    <item id="5903"/>
  </tile>
  <tile x="207" y="80" z="6">
    <item id="2496"/>
  </tile>
  <tile x="207" y="81" z="6">
    <item id="13579"/>
  </tile>
  <tile x="208" y="80" z="6">
    <item id="13512"/>
  </tile>
  <tile x="208" y="81" z="6">
    <item id="13500"/>
  </tile>
  <tile x="213" y="73" z="6">
    <item id="1250"/>
  </tile>
  <tile x="214" y="72" z="6">
    <item id="13572"/>
    <item id="2352"/>
    <item id="13514"/>
  </tile>
  <tile x="214" y="73" z="6">
    <item id="13533"/>
    <item id="2496"/>
  </tile>
  <tile x="214" y="74" z="6">
    <item id="13573"/>
    <item id="2352"/>
    <item id="13514"/>
  </tile>
  <tile x="215" y="72" z="6">
    <item id="13579"/>
    <item id="13557"/>
  </tile>
  <tile x="215" y="73" z="6">
    <item id="13539"/>
  </tile>
  <tile x="215" y="74" z="6">
    <item id="13591"/>
  </tile>
  <tile x="216" y="72" z="6">
    <item id="13580"/>
  </tile>
  <tile x="216" y="73" z="6">
    <item id="13573"/>
    <item id="13598"/>
    <item id="13525"/>
  </tile>
  <tile x="216" y="74" z="6">
    <item id="13533"/>
    <item id="2496"/>
  </tile>
  <tile x="217" y="72" z="6">
    <item id="13579"/>
    <item id="13549"/>
  </tile>
  <tile x="217" y="73" z="6">
    <item id="13539"/>
  </tile>
  <tile x="217" y="74" z="6">
    <item id="13599"/>
  </tile>
  <tile x="218" y="72" z="6">
    <item id="13572"/>
    <item id="2352"/>
    <item id="13514"/>
  </tile>
  <tile x="218" y="73" z="6">
    <item id="13533"/>
    <item id="2496"/>
  </tile>
  <tile x="218" y="74" z="6">
    <item id="13573"/>
    <item id="2352"/>
    <item id="13514"/>
  </tile>
  <tile x="211" y="76" z="6">
    <item id="2153"/>
  </tile>
  <tile x="212" y="75" z="6">
    <item id="1254"/>
  </tile>
  <tile x="212" y="76" z="6">
    <item id="13554"/>
  </tile>
  <tile x="214" y="76" z="6">
    <item id="13554"/>
  </tile>
  <tile x="95" y="30" z="6">
    <item id="1220"/>
  </tile>
  <tile x="97" y="34" z="6">
    <item id="1222"/>
  </tile>
  <tile x="99" y="26" z="6">
    <item id="1219"/>
  </tile>
  <tile x="107" y="26" z="6">
    <item id="1219"/>
  </tile>
  <tile x="108" y="36" z="6">
    <item id="13411"/>
    <item id="13411"/>
  </tile>
  <tile x="109" y="37" z="6">
    <item id="13411"/>
  </tile>
  <tile x="110" y="34" z="6">
    <item id="13411"/>
    <item id="1222"/>
  </tile>
  <tile x="110" y="35" z="6">
    <item id="13516"/>
  </tile>
  <tile x="110" y="38" z="6">
    <item id="2547" count="1"/>
  </tile>
  <tile x="111" y="30" z="6">
    <item id="1220"/>
  </tile>
  <tile x="112" y="33" z="6">
    <item id="2400"/>
  </tile>
  <tile x="95" y="30" z="7">
    <item id="1211"/>
  </tile>
  <tile x="96" y="30" z="7">
    <item id="1988"/>
  </tile>
  <tile x="96" y="31" z="7">
    <item id="1988"/>
  </tile>
  <tile x="97" y="31" z="7">
    <item id="1988"/>
  </tile>
  <tile x="97" y="34" z="7">
    <item id="1214"/>
  </tile>
  <tile x="98" y="26" z="7">
    <item id="1209"/>
  </tile>
  <tile x="98" y="31" z="7">
    <item id="1211"/>
  </tile>
  <tile x="103" y="29" z="7">
    <item id="1214"/>
  </tile>
  <tile x="104" y="26" z="7">
    <item id="13554"/>
  </tile>
  <tile x="105" y="26" z="7">
    <item id="13554"/>
    <item id="13554"/>
  </tile>
  <tile x="106" y="26" z="7">
    <item id="5903"/>
  </tile>
  <tile x="106" y="34" z="7">
    <item id="2463"/>
  </tile>
  <tile x="107" y="26" z="7">
    <item id="5903"/>
  </tile>
  <tile x="108" y="26" z="7">
    <item id="1211"/>
  </tile>
  <tile x="108" y="31" z="7">
    <item id="1209"/>
  </tile>
  <tile x="110" y="27" z="7">
    <item id="2457"/>
  </tile>
  <tile x="110" y="34" z="7">
    <item id="1214"/>
  </tile>
  <tile x="111" y="30" z="7">
    <item id="1211"/>
  </tile>
  <tile x="114" y="26" z="7">
    <item id="2351"/>
  </tile>
  <tile x="164" y="250" z="7">
    <item id="1212"/>
  </tile>
  <tile x="183" y="107" z="7">
    <item id="13533"/>
  </tile>
  <tile x="183" y="108" z="7">
    <item id="13588"/>
  </tile>
  <tile x="185" y="106" z="7">
    <item id="3535"/>
  </tile>
  <tile x="171" y="250" z="7">
    <item id="1212"/>
  </tile>
  <tile x="186" y="101" z="7">
    <item id="3546"/>
  </tile>
  <tile x="187" y="99" z="7">
    <item id="2436"/>
  </tile>
  <tile x="187" y="100" z="7">
    <item id="2466"/>
  </tile>
  <tile x="187" y="101" z="7">
    <item id="2472"/>
  </tile>
  <tile x="187" y="102" z="7">
    <item id="13623"/>
  </tile>
  <tile x="188" y="101" z="7">
    <item id="2476"/>
  </tile>
  <tile x="188" y="102" z="7">
    <item id="2472"/>
  </tile>
  <tile x="189" y="99" z="7">
    <item id="13623"/>
    <item id="2494"/>
  </tile>
  <tile x="189" y="100" z="7">
    <item id="2432"/>
  </tile>
  <tile x="189" y="101" z="7">
    <item id="2472"/>
  </tile>
  <tile x="189" y="102" z="7">
    <item id="2436"/>
  </tile>
  <tile x="177" y="250" z="7">
    <item id="1212"/>
  </tile>
  <tile x="183" y="93" z="7">
    <item id="2160" count="60"/>
  </tile>
  <tile x="184" y="94" z="7">
    <item id="2433"/>
    <item id="2496"/>
  </tile>
  <tile x="185" y="93" z="7">
    <item id="13579"/>
  </tile>
  <tile x="185" y="94" z="7">
    <item id="2433"/>
    <item id="2496"/>
  </tile>
  <tile x="185" y="96" z="7">
    <item id="3535"/>
  </tile>
  <tile x="176" y="96" z="7">
    <item id="3535"/>
  </tile>
  <tile x="183" y="250" z="7">
    <item id="1212"/>
  </tile>
  <tile x="169" y="98" z="7">
    <item id="13506"/>
    <item id="2496"/>
  </tile>
  <tile x="169" y="99" z="7">
    <item id="13506"/>
  </tile>
  <tile x="169" y="100" z="7">
    <item id="13506"/>
  </tile>
  <tile x="170" y="98" z="7">
    <item id="13506"/>
  </tile>
  <tile x="170" y="99" z="7">
    <item id="13506"/>
    <item id="4869"/>
  </tile>
  <tile x="170" y="100" z="7">
    <item id="13506"/>
  </tile>
  <tile x="171" y="99" z="7">
    <item id="13577"/>
  </tile>
  <tile x="171" y="101" z="7">
    <item id="3537"/>
  </tile>
  <tile x="189" y="250" z="7">
    <item id="1212"/>
  </tile>
  <tile x="195" y="250" z="7">
    <item id="1212"/>
  </tile>
</map>
