<?xml version="1.0"?>
<spawns>
<spawn centerx="145" centery="49" centerz="7" radius="5">
<npc name="Frodo" x="0" y="1"/>
</spawn>
<spawn centerx="127" centery="55" centerz="7" radius="5">
<npc name="Dufi" x="1" y="0"/>
</spawn>
<spawn centerx="127" centery="49" centerz="7" radius="5">
<npc name="Donald" x="0" y="-1"/>
</spawn>
<spawn centerx="145" centery="51" centerz="6" radius="5">
<npc name="Soya" x="0" y="-1"/>
</spawn>
<spawn centerx="128" centery="50" centerz="6" radius="5">
<npc name="Malak" x="1" y="0"/>
</spawn>
<spawn centerx="144" centery="54" centerz="5" radius="5">
<npc name="Maya" x="-1" y="0"/>
</spawn>
<spawn centerx="128" centery="51" centerz="5" radius="5">
<npc name="Guild Master" x="1" y="0"/>
</spawn>
<spawn centerx="127" centery="50" centerz="4" radius="5">
<npc name="Johnny" x="0" y="1"/>
</spawn>
<spawn centerx="154" centery="54" centerz="8" radius="5">
<monster name="Bat" x="0" y="1" spawntime="60"/>
<monster name="Bat" x="2" y="0" spawntime="60"/>
<monster name="Rotworm" x="2" y="4" spawntime="60"/>
</spawn>
<spawn centerx="165" centery="55" centerz="8" radius="5">
<monster name="Bat" x="-1" y="-1" spawntime="60"/>
<monster name="Bat" x="-4" y="0" spawntime="60"/>
<monster name="Bat" x="0" y="2" spawntime="60"/>
<monster name="Bat" x="3" y="-1" spawntime="60"/>
<monster name="Bat" x="3" y="1" spawntime="60"/>
<monster name="Bat" x="1" y="-4" spawntime="60"/>
</spawn>
<spawn centerx="169" centery="52" centerz="8" radius="5">
<monster name="Bat" x="1" y="0" spawntime="60"/>
</spawn>
<spawn centerx="163" centery="64" centerz="8" radius="5">
<monster name="Rotworm" x="1" y="0" spawntime="60"/>
</spawn>
<spawn centerx="151" centery="64" centerz="8" radius="5">
<monster name="Rotworm" x="1" y="1" spawntime="60"/>
<monster name="Rotworm" x="2" y="0" spawntime="60"/>
</spawn>
<spawn centerx="141" centery="59" centerz="8" radius="5">
<monster name="Rotworm" x="1" y="-1" spawntime="60"/>
<monster name="Rotworm" x="-2" y="0" spawntime="60"/>
</spawn>
<spawn centerx="133" centery="68" centerz="8" radius="5">
<monster name="Rotworm" x="-1" y="2" spawntime="60"/>
<monster name="Rotworm" x="4" y="1" spawntime="60"/>
<monster name="Rotworm" x="-1" y="-2" spawntime="60"/>
</spawn>
<spawn centerx="122" centery="63" centerz="8" radius="5">
<monster name="Rotworm" x="-2" y="0" spawntime="60"/>
</spawn>
<spawn centerx="107" centery="63" centerz="8" radius="5">
<monster name="Rotworm" x="1" y="-1" spawntime="60"/>
<monster name="Rotworm" x="-4" y="0" spawntime="60"/>
</spawn>
<spawn centerx="115" centery="68" centerz="8" radius="5">
<monster name="Rotworm" x="-4" y="-1" spawntime="60"/>
<monster name="Rotworm" x="1" y="-1" spawntime="60"/>
<monster name="Rotworm" x="0" y="5" spawntime="60"/>
</spawn>
<spawn centerx="110" centery="74" centerz="8" radius="5">
<monster name="Rotworm" x="1" y="1" spawntime="60"/>
<monster name="Rotworm" x="-2" y="0" spawntime="60"/>
</spawn>
<spawn centerx="97" centery="73" centerz="8" radius="5">
<monster name="Rotworm" x="2" y="1" spawntime="60"/>
<monster name="Rotworm" x="-1" y="2" spawntime="60"/>
<monster name="Rotworm" x="-1" y="-2" spawntime="60"/>
<monster name="Rotworm" x="1" y="-4" spawntime="60"/>
</spawn>
<spawn centerx="97" centery="61" centerz="8" radius="5">
<monster name="Rotworm" x="-1" y="3" spawntime="60"/>
<monster name="Rotworm" x="1" y="0" spawntime="60"/>
<monster name="Rotworm" x="-1" y="-4" spawntime="60"/>
</spawn>
<spawn centerx="95" centery="39" centerz="8" radius="5">
<monster name="Rotworm" x="0" y="4" spawntime="60"/>
<monster name="Carrion Worm" x="0" y="-2" spawntime="60"/>
<monster name="Carrion Worm" x="3" y="-1" spawntime="60"/>
<monster name="Carrion Worm" x="0" y="2" spawntime="60"/>
<monster name="Carrion Worm" x="1" y="0" spawntime="60"/>
</spawn>
<spawn centerx="107" centery="39" centerz="8" radius="5">
<monster name="Rotworm" x="0" y="4" spawntime="60"/>
<monster name="Rotworm" x="1" y="0" spawntime="60"/>
<monster name="Rotworm" x="-3" y="-1" spawntime="60"/>
</spawn>
<spawn centerx="97" centery="50" centerz="8" radius="5">
<monster name="Rotworm" x="-1" y="3" spawntime="60"/>
<monster name="Rotworm" x="0" y="-2" spawntime="60"/>
<monster name="Rotworm" x="-1" y="0" spawntime="60"/>
</spawn>
<spawn centerx="107" centery="49" centerz="8" radius="5">
<monster name="Rotworm" x="-2" y="4" spawntime="60"/>
<monster name="Rotworm" x="0" y="2" spawntime="60"/>
<monster name="Rotworm" x="1" y="-2" spawntime="60"/>
</spawn>
<spawn centerx="103" centery="71" centerz="8" radius="5">
<monster name="Rotworm" x="1" y="-1" spawntime="60"/>
</spawn>
<spawn centerx="112" centery="42" centerz="7" radius="5">
<monster name="Minotaur" x="-1" y="-2" spawntime="60"/>
<monster name="Minotaur" x="2" y="0" spawntime="60"/>
<monster name="Minotaur" x="-4" y="0" spawntime="60"/>
</spawn>
<spawn centerx="103" centery="43" centerz="7" radius="5">
<monster name="Minotaur" x="-3" y="0" spawntime="60"/>
<monster name="Minotaur" x="-1" y="-3" spawntime="60"/>
<monster name="Minotaur Guard" x="1" y="2" spawntime="60"/>
</spawn>
<spawn centerx="94" centery="40" centerz="7" radius="5">
<monster name="Minotaur" x="-1" y="2" spawntime="60"/>
<monster name="Minotaur" x="2" y="0" spawntime="60"/>
<monster name="Minotaur" x="-1" y="1" spawntime="60"/>
</spawn>
<spawn centerx="85" centery="35" centerz="7" radius="5">
<monster name="Minotaur Guard" x="5" y="0" spawntime="60"/>
<monster name="Minotaur Guard" x="1" y="0" spawntime="60"/>
<monster name="Minotaur Guard" x="3" y="2" spawntime="60"/>
<monster name="Minotaur Guard" x="-2" y="2" spawntime="60"/>
<monster name="Minotaur Guard" x="0" y="1" spawntime="60"/>
<monster name="Minotaur Guard" x="-5" y="0" spawntime="60"/>
</spawn>
<spawn centerx="76" centery="36" centerz="7" radius="5">
<monster name="Minotaur Guard" x="1" y="1" spawntime="60"/>
<monster name="Minotaur Guard" x="0" y="-1" spawntime="60"/>
<monster name="Minotaur Guard" x="-1" y="1" spawntime="60"/>
<monster name="Minotaur Archer" x="-1" y="-2" spawntime="60"/>
<monster name="Minotaur Archer" x="-1" y="2" spawntime="60"/>
</spawn>
<spawn centerx="53" centery="31" centerz="7" radius="5">
<monster name="Demon Skeleton" x="1" y="-1" spawntime="60"/>
<monster name="Demon Skeleton" x="-2" y="1" spawntime="60"/>
</spawn>
<spawn centerx="37" centery="42" centerz="7" radius="5">
<monster name="Demon Skeleton" x="-1" y="2" spawntime="60"/>
<monster name="Demon Skeleton" x="3" y="-2" spawntime="60"/>
<monster name="Demon Skeleton" x="-1" y="-2" spawntime="60"/>
</spawn>
<spawn centerx="38" centery="53" centerz="8" radius="5">
<monster name="Demon Skeleton" x="0" y="-2" spawntime="60"/>
</spawn>
<spawn centerx="38" centery="62" centerz="8" radius="5">
<monster name="Demon Skeleton" x="-2" y="-1" spawntime="60"/>
</spawn>
<spawn centerx="50" centery="64" centerz="7" radius="5">
<monster name="Demon Skeleton" x="1" y="0" spawntime="60"/>
</spawn>
<spawn centerx="57" centery="75" centerz="7" radius="5">
<monster name="Demon Skeleton" x="-1" y="1" spawntime="60"/>
</spawn>
<spawn centerx="70" centery="73" centerz="7" radius="5">
<monster name="Demon Skeleton" x="-1" y="1" spawntime="60"/>
<monster name="Demon Skeleton" x="2" y="-1" spawntime="60"/>
</spawn>
<spawn centerx="72" centery="62" centerz="7" radius="5">
<monster name="Demon Skeleton" x="-1" y="-1" spawntime="60"/>
</spawn>
<spawn centerx="60" centery="61" centerz="7" radius="5">
<monster name="Demon Skeleton" x="1" y="-1" spawntime="60"/>
</spawn>
<spawn centerx="62" centery="59" centerz="6" radius="5">
<monster name="Morgaroth" x="-1" y="0" spawntime="60"/>
</spawn>
<spawn centerx="59" centery="58" centerz="5" radius="5">
<monster name="Dracola" x="0" y="1" spawntime="60"/>
<monster name="Dracola" x="3" y="-1" spawntime="60"/>
<monster name="Dracola" x="4" y="1" spawntime="60"/>
</spawn>
<spawn centerx="58" centery="64" centerz="5" radius="5">
<monster name="Dracola" x="1" y="0" spawntime="60"/>
</spawn>
<spawn centerx="144" centery="82" centerz="7" radius="5">
<monster name="Minotaur" x="-1" y="1" spawntime="60"/>
<monster name="Minotaur" x="1" y="-2" spawntime="60"/>
</spawn>
<spawn centerx="151" centery="83" centerz="7" radius="5">
<monster name="Minotaur" x="-2" y="-2" spawntime="60"/>
<monster name="Minotaur" x="1" y="-3" spawntime="60"/>
<monster name="Minotaur" x="1" y="2" spawntime="60"/>
<monster name="Minotaur" x="-2" y="4" spawntime="60"/>
<monster name="Minotaur" x="-2" y="1" spawntime="60"/>
</spawn>
<spawn centerx="143" centery="90" centerz="7" radius="5">
<monster name="Minotaur" x="-2" y="1" spawntime="60"/>
<monster name="Minotaur" x="2" y="1" spawntime="60"/>
<monster name="Minotaur" x="0" y="-3" spawntime="60"/>
</spawn>
<spawn centerx="165" centery="81" centerz="7" radius="5">
<monster name="Minotaur Guard" x="1" y="-1" spawntime="60"/>
</spawn>
<spawn centerx="158" centery="83" centerz="7" radius="5">
<monster name="Minotaur" x="-1" y="3" spawntime="60"/>
<monster name="Minotaur" x="2" y="3" spawntime="60"/>
<monster name="Minotaur" x="-2" y="-3" spawntime="60"/>
<monster name="Minotaur" x="2" y="-1" spawntime="60"/>
<monster name="Minotaur Guard" x="1" y="-4" spawntime="60"/>
</spawn>
<spawn centerx="143" centery="91" centerz="6" radius="5">
<monster name="Minotaur Archer" x="-3" y="0" spawntime="60"/>
<monster name="Minotaur Archer" x="-2" y="-1" spawntime="60"/>
<monster name="Minotaur Archer" x="1" y="1" spawntime="60"/>
<monster name="Minotaur Archer" x="4" y="0" spawntime="60"/>
<monster name="Minotaur Archer" x="1" y="-1" spawntime="60"/>
<monster name="Minotaur Archer" x="3" y="-3" spawntime="60"/>
<monster name="Minotaur Archer" x="-1" y="-4" spawntime="60"/>
</spawn>
<spawn centerx="141" centery="88" centerz="5" radius="5">
<monster name="Black Knight" x="-1" y="-1" spawntime="60"/>
<monster name="Black Knight" x="1" y="1" spawntime="60"/>
<monster name="Black Knight" x="-1" y="3" spawntime="60"/>
</spawn>
<spawn centerx="140" centery="86" centerz="4" radius="5">
<monster name="Warlock" x="0" y="3" spawntime="60"/>
</spawn>
<spawn centerx="142" centery="92" centerz="4" radius="5">
<monster name="Warlock" x="-1" y="-1" spawntime="60"/>
</spawn>
<spawn centerx="118" centery="83" centerz="7" radius="5">
<monster name="Tarantula" x="1" y="-3" spawntime="60"/>
<monster name="Tarantula" x="-2" y="1" spawntime="60"/>
<monster name="Tarantula" x="3" y="2" spawntime="60"/>
</spawn>
<spawn centerx="116" centery="94" centerz="7" radius="5">
<monster name="Tarantula" x="-2" y="-2" spawntime="60"/>
<monster name="Tarantula" x="2" y="-2" spawntime="60"/>
<monster name="Tarantula" x="-2" y="1" spawntime="60"/>
<monster name="Tarantula" x="2" y="3" spawntime="60"/>
<monster name="Tarantula" x="-2" y="3" spawntime="60"/>
</spawn>
<spawn centerx="194" centery="130" centerz="7" radius="5">
<monster name="Hydra" x="-1" y="1" spawntime="60"/>
</spawn>
<spawn centerx="191" centery="141" centerz="7" radius="5">
<monster name="Hydra" x="1" y="2" spawntime="60"/>
</spawn>
<spawn centerx="205" centery="142" centerz="7" radius="5">
<monster name="Hydra" x="-2" y="0" spawntime="60"/>
</spawn>
<spawn centerx="206" centery="156" centerz="7" radius="5">
<monster name="Hydra" x="-1" y="0" spawntime="60"/>
</spawn>
<spawn centerx="194" centery="161" centerz="7" radius="5">
<monster name="Hydra" x="-2" y="-1" spawntime="60"/>
</spawn>
<spawn centerx="210" centery="167" centerz="7" radius="5">
<monster name="Hydra" x="-2" y="1" spawntime="60"/>
</spawn>
<spawn centerx="221" centery="166" centerz="7" radius="5">
<monster name="Hydra" x="1" y="-1" spawntime="60"/>
<monster name="Hydra" x="-2" y="-1" spawntime="60"/>
</spawn>
<spawn centerx="222" centery="144" centerz="7" radius="5">
<monster name="Hydra" x="-1" y="1" spawntime="60"/>
</spawn>
<spawn centerx="202" centery="137" centerz="6" radius="5">
<monster name="Hydra" x="-1" y="-1" spawntime="60"/>
<monster name="Hydra" x="1" y="-3" spawntime="60"/>
</spawn>
<spawn centerx="203" centery="128" centerz="6" radius="5">
<monster name="Hydra" x="-2" y="2" spawntime="60"/>
<monster name="Hydra" x="1" y="-2" spawntime="60"/>
</spawn>
<spawn centerx="235" centery="162" centerz="7" radius="5">
<monster name="Hydra" x="-3" y="2" spawntime="60"/>
<monster name="Hydra" x="3" y="1" spawntime="60"/>
</spawn>
<spawn centerx="249" centery="161" centerz="7" radius="5">
<monster name="Hydra" x="3" y="-1" spawntime="60"/>
</spawn>
<spawn centerx="253" centery="150" centerz="7" radius="5">
<monster name="Hydra" x="2" y="1" spawntime="60"/>
</spawn>
<spawn centerx="240" centery="144" centerz="7" radius="5">
<monster name="Hydra" x="-2" y="-1" spawntime="60"/>
<monster name="Hydra" x="4" y="3" spawntime="60"/>
</spawn>
<spawn centerx="241" centery="155" centerz="7" radius="5">
<monster name="Hydra" x="-1" y="1" spawntime="60"/>
</spawn>
<spawn centerx="243" centery="153" centerz="6" radius="5">
<monster name="Hunter" x="1" y="-1" spawntime="60"/>
<monster name="Hunter" x="2" y="3" spawntime="60"/>
<monster name="Hunter" x="-3" y="0" spawntime="60"/>
<monster name="Hunter" x="0" y="4" spawntime="60"/>
</spawn>
<spawn centerx="236" centery="158" centerz="6" radius="5">
<monster name="Hunter" x="2" y="0" spawntime="60"/>
<monster name="Hunter" x="-2" y="-2" spawntime="60"/>
<monster name="Hunter" x="2" y="-3" spawntime="60"/>
</spawn>
<spawn centerx="126" centery="99" centerz="7" radius="5">
<monster name="Ghoul" x="-1" y="2" spawntime="60"/>
<monster name="Ghoul" x="1" y="3" spawntime="60"/>
<monster name="Ghoul" x="3" y="4" spawntime="60"/>
<monster name="Ghoul" x="3" y="0" spawntime="60"/>
</spawn>
<spawn centerx="127" centery="98" centerz="8" radius="5">
<monster name="Ghoul" x="0" y="2" spawntime="60"/>
<monster name="Ghoul" x="3" y="-1" spawntime="60"/>
<monster name="Ghoul" x="-2" y="-1" spawntime="60"/>
</spawn>
<spawn centerx="139" centery="98" centerz="8" radius="5">
<monster name="Ghoul" x="-1" y="1" spawntime="60"/>
<monster name="Ghoul" x="-3" y="-1" spawntime="60"/>
<monster name="Ghoul" x="3" y="-1" spawntime="60"/>
<monster name="Ghoul" x="2" y="1" spawntime="60"/>
</spawn>
<spawn centerx="146" centery="85" centerz="8" radius="5">
<monster name="Vampire" x="-2" y="-3" spawntime="60"/>
</spawn>
<spawn centerx="160" centery="85" centerz="8" radius="5">
<monster name="Fire Elemental" x="1" y="0" spawntime="60"/>
<monster name="Fire Elemental" x="0" y="-1" spawntime="60"/>
<monster name="Fire Elemental" x="-2" y="0" spawntime="60"/>
</spawn>
<spawn centerx="145" centery="113" centerz="8" radius="5">
<monster name="Necromancer" x="-1" y="0" spawntime="60"/>
<monster name="Necromancer" x="2" y="0" spawntime="60"/>
</spawn>
<spawn centerx="61" centery="77" centerz="8" radius="5">
<monster name="Warlock" x="0" y="2" spawntime="60"/>
<monster name="Warlock" x="4" y="1" spawntime="60"/>
</spawn>
<spawn centerx="64" centery="64" centerz="8" radius="5">
<monster name="Warlock" x="-2" y="-1" spawntime="60"/>
</spawn>
<spawn centerx="73" centery="65" centerz="8" radius="5">
<monster name="Warlock" x="2" y="-1" spawntime="60"/>
<monster name="Warlock" x="-3" y="3" spawntime="60"/>
</spawn>
<spawn centerx="80" centery="63" centerz="8" radius="5">
<monster name="Warlock" x="0" y="2" spawntime="60"/>
</spawn>
<spawn centerx="86" centery="64" centerz="8" radius="5">
<monster name="Warlock" x="1" y="-4" spawntime="60"/>
<monster name="Warlock" x="2" y="3" spawntime="60"/>
</spawn>
<spawn centerx="80" centery="75" centerz="8" radius="5">
<monster name="Warlock" x="-1" y="0" spawntime="60"/>
</spawn>
<spawn centerx="69" centery="78" centerz="8" radius="5">
<monster name="Warlock" x="2" y="0" spawntime="60"/>
</spawn>
<spawn centerx="88" centery="79" centerz="8" radius="5">
<monster name="Warlock" x="0" y="1" spawntime="60"/>
</spawn>
<spawn centerx="175" centery="83" centerz="8" radius="5">
<monster name="Demon" x="1" y="0" spawntime="60"/>
</spawn>
<spawn centerx="186" centery="72" centerz="8" radius="5">
<monster name="Demon" x="1" y="0" spawntime="60"/>
</spawn>
<spawn centerx="199" centery="73" centerz="8" radius="5">
<monster name="Demon" x="3" y="0" spawntime="60"/>
</spawn>
<spawn centerx="209" centery="73" centerz="8" radius="5">
<monster name="Demon" x="2" y="-2" spawntime="60"/>
<monster name="Demon" x="2" y="4" spawntime="60"/>
<monster name="Demon" x="3" y="1" spawntime="60"/>
</spawn>
<spawn centerx="182" centery="95" centerz="8" radius="5">
<monster name="Demon" x="1" y="2" spawntime="60"/>
</spawn>
<spawn centerx="182" centery="109" centerz="8" radius="5">
<monster name="Demon" x="-1" y="0" spawntime="60"/>
</spawn>
<spawn centerx="192" centery="116" centerz="8" radius="5">
<monster name="Demon" x="-4" y="-2" spawntime="60"/>
<monster name="Demon" x="1" y="0" spawntime="60"/>
</spawn>
<spawn centerx="179" centery="126" centerz="8" radius="5">
<monster name="Demon" x="-1" y="0" spawntime="60"/>
</spawn>
<spawn centerx="175" centery="132" centerz="8" radius="5">
<monster name="Demon" x="-2" y="1" spawntime="60"/>
</spawn>
<spawn centerx="109" centery="125" centerz="8" radius="5">
<monster name="Dragon" x="2" y="0" spawntime="60"/>
</spawn>
<spawn centerx="92" centery="129" centerz="8" radius="5">
<monster name="Dragon" x="-2" y="-2" spawntime="60"/>
<monster name="Dragon" x="0" y="2" spawntime="60"/>
</spawn>
<spawn centerx="85" centery="115" centerz="8" radius="5">
<monster name="Dragon Lord" x="-2" y="-1" spawntime="60"/>
</spawn>
<spawn centerx="104" centery="104" centerz="7" radius="5">
<monster name="Dragon" x="3" y="-1" spawntime="60"/>
</spawn>
<spawn centerx="102" centery="111" centerz="7" radius="5">
<monster name="Dragon" x="-2" y="-2" spawntime="60"/>
</spawn>
<spawn centerx="111" centery="112" centerz="7" radius="5">
<monster name="Dragon" x="-1" y="-2" spawntime="60"/>
</spawn>
<spawn centerx="110" centery="120" centerz="7" radius="5">
<monster name="Dragon" x="3" y="-3" spawntime="60"/>
<monster name="Dragon" x="-2" y="-2" spawntime="60"/>
</spawn>
<spawn centerx="106" centery="130" centerz="7" radius="5">
<monster name="Dragon" x="0" y="1" spawntime="60"/>
</spawn>
<spawn centerx="100" centery="134" centerz="7" radius="5">
<monster name="Dragon" x="-1" y="-2" spawntime="60"/>
<monster name="Dragon" x="1" y="2" spawntime="60"/>
<monster name="Dragon" x="-4" y="3" spawntime="60"/>
</spawn>
<spawn centerx="95" centery="138" centerz="7" radius="5">
<monster name="Dragon" x="-2" y="0" spawntime="60"/>
<monster name="Dragon" x="0" y="4" spawntime="60"/>
</spawn>
<spawn centerx="97" centery="144" centerz="7" radius="5">
<monster name="Dragon" x="0" y="2" spawntime="60"/>
</spawn>
<spawn centerx="90" centery="144" centerz="7" radius="5">
<monster name="Dragon" x="-1" y="1" spawntime="60"/>
</spawn>
<spawn centerx="89" centery="150" centerz="7" radius="5">
<monster name="Dragon" x="1" y="0" spawntime="60"/>
<monster name="Dragon" x="-4" y="0" spawntime="60"/>
</spawn>
<spawn centerx="86" centery="149" centerz="6" radius="5">
<monster name="Dragon Lord" x="-1" y="1" spawntime="60"/>
<monster name="Dragon Lord" x="2" y="1" spawntime="60"/>
</spawn>
<spawn centerx="87" centery="149" centerz="5" radius="5">
<monster name="Dragon Lord" x="-3" y="1" spawntime="60"/>
<monster name="Dragon Lord" x="-1" y="1" spawntime="60"/>
<monster name="Dragon Lord" x="1" y="0" spawntime="60"/>
</spawn>
<spawn centerx="90" centery="157" centerz="8" radius="5">
<monster name="Dragon Lord" x="1" y="1" spawntime="60"/>
</spawn>
<spawn centerx="81" centery="149" centerz="8" radius="5">
<monster name="Dragon Lord" x="-1" y="0" spawntime="60"/>
</spawn>
<spawn centerx="64" centery="140" centerz="8" radius="5">
<monster name="Dragon Lord" x="-2" y="-1" spawntime="60"/>
<monster name="Dragon Lord" x="2" y="1" spawntime="60"/>
</spawn>
<spawn centerx="65" centery="155" centerz="8" radius="5">
<monster name="Dragon Lord" x="-1" y="1" spawntime="60"/>
</spawn>
<spawn centerx="58" centery="163" centerz="8" radius="5">
<monster name="Dragon Lord" x="-3" y="3" spawntime="60"/>
<monster name="Dragon Lord" x="1" y="2" spawntime="60"/>
</spawn>
<spawn centerx="130" centery="135" centerz="6" radius="5">
<monster name="Demon" x="3" y="2" spawntime="60"/>
</spawn>
<spawn centerx="116" centery="136" centerz="6" radius="5">
<monster name="Demon" x="-1" y="-1" spawntime="60"/>
</spawn>
<spawn centerx="115" centery="146" centerz="6" radius="5">
<monster name="Demon" x="1" y="0" spawntime="60"/>
</spawn>
<spawn centerx="117" centery="154" centerz="6" radius="5">
<monster name="Demon" x="-1" y="-1" spawntime="60"/>
</spawn>
<spawn centerx="127" centery="155" centerz="6" radius="5">
<monster name="Demon" x="-2" y="0" spawntime="60"/>
</spawn>
<spawn centerx="124" centery="149" centerz="6" radius="5">
<monster name="Demon" x="-2" y="2" spawntime="60"/>
</spawn>
<spawn centerx="121" centery="141" centerz="6" radius="5">
<monster name="Demon" x="1" y="2" spawntime="60"/>
<monster name="Demon" x="1" y="-4" spawntime="60"/>
</spawn>
<spawn centerx="141" centery="143" centerz="6" radius="5">
<monster name="Demon" x="-1" y="0" spawntime="60"/>
<monster name="Warlock" x="2" y="1" spawntime="60"/>
</spawn>
<spawn centerx="138" centery="152" centerz="6" radius="5">
<monster name="Demon" x="4" y="-2" spawntime="60"/>
<monster name="Demon" x="-2" y="3" spawntime="60"/>
</spawn>
<spawn centerx="149" centery="153" centerz="6" radius="5">
<monster name="Demon" x="-1" y="0" spawntime="60"/>
<monster name="Demon" x="0" y="-5" spawntime="60"/>
</spawn>
<spawn centerx="149" centery="142" centerz="6" radius="5">
<monster name="Demon" x="0" y="-1" spawntime="60"/>
</spawn>
<spawn centerx="143" centery="135" centerz="6" radius="5">
<monster name="Demon" x="-1" y="3" spawntime="60"/>
</spawn>
<spawn centerx="168" centery="116" centerz="5" radius="5">
<monster name="Behemoth" x="0" y="0" spawntime="60"/>
<monster name="Behemoth" x="0" y="5" spawntime="60"/>
<monster name="Behemoth" x="3" y="-2" spawntime="60"/>
<monster name="Behemoth" x="3" y="2" spawntime="60"/>
</spawn>
<spawn centerx="170" centery="123" centerz="5" radius="5">
<monster name="Behemoth" x="1" y="0" spawntime="60"/>
</spawn>
<spawn centerx="155" centery="123" centerz="6" radius="5">
<monster name="Behemoth" x="1" y="0" spawntime="60"/>
</spawn>
<spawn centerx="165" centery="120" centerz="6" radius="5">
<monster name="Behemoth" x="0" y="-2" spawntime="60"/>
<monster name="Behemoth" x="-1" y="3" spawntime="60"/>
</spawn>
<spawn centerx="171" centery="114" centerz="6" radius="5">
<monster name="Behemoth" x="0" y="-1" spawntime="60"/>
<monster name="Behemoth" x="-3" y="0" spawntime="60"/>
</spawn>
<spawn centerx="155" centery="122" centerz="7" radius="5">
<monster name="Behemoth" x="0" y="1" spawntime="60"/>
<monster name="Behemoth" x="1" y="-1" spawntime="60"/>
</spawn>
<spawn centerx="165" centery="123" centerz="7" radius="5">
<monster name="Behemoth" x="-1" y="-1" spawntime="60"/>
</spawn>
<spawn centerx="170" centery="115" centerz="7" radius="5">
<monster name="Behemoth" x="-2" y="2" spawntime="60"/>
<monster name="Behemoth" x="0" y="-1" spawntime="60"/>
</spawn>
<spawn centerx="124" centery="143" centerz="5" radius="5">
<monster name="Warlock" x="-2" y="-1" spawntime="60"/>
<monster name="Warlock" x="-3" y="1" spawntime="60"/>
<monster name="Warlock" x="0" y="1" spawntime="60"/>
<monster name="Warlock" x="2" y="-1" spawntime="60"/>
</spawn>
<spawn centerx="140" centery="143" centerz="5" radius="5">
<monster name="Warlock" x="-3" y="0" spawntime="60"/>
<monster name="Warlock" x="-1" y="-1" spawntime="60"/>
<monster name="Warlock" x="3" y="0" spawntime="60"/>
<monster name="Warlock" x="0" y="2" spawntime="60"/>
<monster name="Warlock" x="1" y="-2" spawntime="60"/>
</spawn>
<spawn centerx="116" centery="136" centerz="5" radius="5">
<monster name="Warlock" x="1" y="-1" spawntime="60"/>
<monster name="Warlock" x="-1" y="-2" spawntime="60"/>
</spawn>
<spawn centerx="116" centery="147" centerz="5" radius="5">
<monster name="Warlock" x="-1" y="-1" spawntime="60"/>
</spawn>
<spawn centerx="117" centery="155" centerz="5" radius="5">
<monster name="Warlock" x="0" y="-2" spawntime="60"/>
</spawn>
<spawn centerx="135" centery="155" centerz="5" radius="5">
<monster name="Warlock" x="-5" y="0" spawntime="60"/>
<monster name="Warlock" x="3" y="0" spawntime="60"/>
</spawn>
<spawn centerx="148" centery="152" centerz="5" radius="5">
<monster name="Warlock" x="1" y="2" spawntime="60"/>
<monster name="Warlock" x="-2" y="0" spawntime="60"/>
</spawn>
<spawn centerx="149" centery="140" centerz="5" radius="5">
<monster name="Warlock" x="-1" y="3" spawntime="60"/>
<monster name="Warlock" x="-3" y="-4" spawntime="60"/>
<monster name="Warlock" x="0" y="-5" spawntime="60"/>
</spawn>
<spawn centerx="123" centery="143" centerz="4" radius="5">
<monster name="Warlock" x="-2" y="-1" spawntime="60"/>
<monster name="Warlock" x="1" y="1" spawntime="60"/>
<monster name="Demon" x="1" y="-1" spawntime="60"/>
<monster name="Demon" x="-2" y="1" spawntime="60"/>
</spawn>
<spawn centerx="140" centery="142" centerz="4" radius="5">
<monster name="Warlock" x="2" y="0" spawntime="60"/>
<monster name="Warlock" x="0" y="2" spawntime="60"/>
<monster name="Demon" x="3" y="2" spawntime="60"/>
<monster name="Demon" x="-2" y="1" spawntime="60"/>
</spawn>
<spawn centerx="125" centery="78" centerz="6" radius="5">
<monster name="Cyclops" x="-1" y="-1" spawntime="60"/>
</spawn>
<spawn centerx="120" centery="88" centerz="6" radius="5">
<monster name="Cyclops" x="1" y="-2" spawntime="60"/>
</spawn>
<spawn centerx="120" centery="99" centerz="6" radius="5">
<monster name="Cyclops" x="1" y="-2" spawntime="60"/>
<monster name="Cyclops" x="-1" y="1" spawntime="60"/>
</spawn>
<spawn centerx="114" centery="93" centerz="6" radius="5">
<monster name="Cyclops" x="-4" y="1" spawntime="60"/>
<monster name="Cyclops" x="-1" y="-3" spawntime="60"/>
</spawn>
<spawn centerx="108" centery="87" centerz="6" radius="5">
<monster name="Cyclops" x="0" y="0" spawntime="60"/>
<monster name="Cyclops" x="4" y="0" spawntime="60"/>
</spawn>
<spawn centerx="108" centery="100" centerz="6" radius="5">
<monster name="Cyclops" x="1" y="4" spawntime="60"/>
</spawn>
<spawn centerx="104" centery="109" centerz="6" radius="5">
<monster name="Cyclops" x="1" y="-1" spawntime="60"/>
<monster name="Cyclops" x="-2" y="4" spawntime="60"/>
</spawn>
<spawn centerx="98" centery="109" centerz="6" radius="5">
<monster name="Cyclops" x="-1" y="0" spawntime="60"/>
</spawn>
<spawn centerx="83" centery="113" centerz="7" radius="5">
<monster name="Giant Spider" x="1" y="3" spawntime="60"/>
<monster name="Giant Spider" x="-4" y="-1" spawntime="60"/>
</spawn>
<spawn centerx="70" centery="119" centerz="7" radius="5">
<monster name="Giant Spider" x="-2" y="0" spawntime="60"/>
<monster name="Giant Spider" x="4" y="-2" spawntime="60"/>
</spawn>
<spawn centerx="80" centery="128" centerz="7" radius="5">
<monster name="Giant Spider" x="-3" y="0" spawntime="60"/>
<monster name="Giant Spider" x="3" y="4" spawntime="60"/>
</spawn>
<spawn centerx="64" centery="129" centerz="7" radius="5">
<monster name="Giant Spider" x="-3" y="4" spawntime="60"/>
<monster name="Giant Spider" x="-1" y="-1" spawntime="60"/>
</spawn>
<spawn centerx="47" centery="130" centerz="7" radius="5">
<monster name="Giant Spider" x="0" y="3" spawntime="60"/>
<monster name="Giant Spider" x="3" y="-3" spawntime="60"/>
</spawn>
<spawn centerx="52" centery="121" centerz="7" radius="5">
<monster name="Giant Spider" x="2" y="-1" spawntime="60"/>
<monster name="Giant Spider" x="-2" y="-1" spawntime="60"/>
</spawn>
<spawn centerx="37" centery="125" centerz="7" radius="5">
<monster name="Giant Spider" x="1" y="1" spawntime="60"/>
</spawn>
<spawn centerx="36" centery="109" centerz="7" radius="5">
<monster name="Giant Spider" x="0" y="-1" spawntime="60"/>
<monster name="Giant Spider" x="-2" y="-2" spawntime="60"/>
<monster name="Giant Spider" x="2" y="1" spawntime="60"/>
</spawn>
<spawn centerx="28" centery="112" centerz="7" radius="5">
<monster name="Giant Spider" x="3" y="3" spawntime="60"/>
<monster name="Giant Spider" x="-1" y="1" spawntime="60"/>
<monster name="Giant Spider" x="2" y="0" spawntime="60"/>
<monster name="Giant Spider" x="0" y="-1" spawntime="60"/>
<monster name="Giant Spider" x="2" y="-3" spawntime="60"/>
</spawn>
<spawn centerx="30" centery="122" centerz="7" radius="5">
<monster name="Giant Spider" x="2" y="0" spawntime="60"/>
<monster name="Giant Spider" x="0" y="-3" spawntime="60"/>
</spawn>
<spawn centerx="95" centery="96" centerz="7" radius="5">
<monster name="Giant Spider" x="0" y="-2" spawntime="60"/>
<monster name="Giant Spider" x="0" y="5" spawntime="60"/>
</spawn>
<spawn centerx="97" centery="104" centerz="7" radius="5">
<monster name="Giant Spider" x="2" y="1" spawntime="60"/>
</spawn>
<spawn centerx="88" centery="105" centerz="7" radius="5">
<monster name="Giant Spider" x="-2" y="1" spawntime="60"/>
</spawn>
<spawn centerx="130" centery="198" centerz="8" radius="5">
<monster name="Dracola" x="-1" y="1" spawntime="60"/>
</spawn>
<spawn centerx="139" centery="208" centerz="8" radius="5">
<monster name="Dracola" x="0" y="-2" spawntime="60"/>
</spawn>
<spawn centerx="145" centery="199" centerz="8" radius="5">
<monster name="Dracola" x="-2" y="-3" spawntime="60"/>
</spawn>
<spawn centerx="136" centery="223" centerz="8" radius="5">
<monster name="Dracola" x="-1" y="-3" spawntime="60"/>
<monster name="Dracola" x="1" y="0" spawntime="60"/>
</spawn>
<spawn centerx="157" centery="198" centerz="8" radius="5">
<monster name="Dracola" x="0" y="2" spawntime="60"/>
</spawn>
<spawn centerx="154" centery="208" centerz="8" radius="5">
<monster name="Dracola" x="-1" y="1" spawntime="60"/>
</spawn>
<spawn centerx="167" centery="206" centerz="8" radius="5">
<monster name="Dracola" x="0" y="3" spawntime="60"/>
</spawn>
<spawn centerx="74" centery="161" centerz="8" radius="5">
<monster name="Demon" x="-1" y="0" spawntime="60"/>
<monster name="Warlock" x="0" y="3" spawntime="60"/>
</spawn>
<spawn centerx="85" centery="166" centerz="8" radius="5">
<monster name="Demon" x="1" y="-1" spawntime="60"/>
<monster name="Warlock" x="0" y="2" spawntime="60"/>
</spawn>
<spawn centerx="75" centery="180" centerz="8" radius="5">
<monster name="Demon" x="1" y="-1" spawntime="60"/>
<monster name="Warlock" x="2" y="1" spawntime="60"/>
</spawn>
<spawn centerx="77" centery="194" centerz="8" radius="5">
<monster name="Demon" x="-1" y="-1" spawntime="60"/>
<monster name="Warlock" x="0" y="2" spawntime="60"/>
</spawn>
<spawn centerx="91" centery="198" centerz="8" radius="5">
<monster name="Demon" x="2" y="1" spawntime="60"/>
<monster name="Warlock" x="3" y="-1" spawntime="60"/>
</spawn>
<spawn centerx="89" centery="186" centerz="8" radius="5">
<monster name="Demon" x="0" y="1" spawntime="60"/>
<monster name="Warlock" x="2" y="1" spawntime="60"/>
</spawn>
<spawn centerx="94" centery="178" centerz="8" radius="5">
<monster name="Demon" x="-1" y="1" spawntime="60"/>
<monster name="Warlock" x="1" y="1" spawntime="60"/>
</spawn>
<spawn centerx="109" centery="180" centerz="8" radius="5">
<monster name="Demon" x="-1" y="0" spawntime="60"/>
<monster name="Warlock" x="-3" y="4" spawntime="60"/>
<monster name="Warlock" x="-3" y="-1" spawntime="60"/>
<monster name="Warlock" x="1" y="3" spawntime="60"/>
</spawn>
<spawn centerx="102" centery="185" centerz="8" radius="5">
<monster name="Demon" x="2" y="0" spawntime="60"/>
</spawn>
<spawn centerx="119" centery="38" centerz="8" radius="5">
<monster name="Dracola" x="-1" y="0" spawntime="60"/>
</spawn>
<spawn centerx="121" centery="51" centerz="8" radius="5">
<monster name="Dracola" x="-4" y="0" spawntime="60"/>
</spawn>
<spawn centerx="139" centery="37" centerz="8" radius="5">
<monster name="Dracola" x="0" y="-2" spawntime="60"/>
</spawn>
<spawn centerx="164" centery="40" centerz="8" radius="5">
<monster name="Dracola" x="0" y="-1" spawntime="60"/>
</spawn>
<spawn centerx="153" centery="29" centerz="8" radius="5">
<monster name="Dracola" x="-1" y="0" spawntime="60"/>
</spawn>
<spawn centerx="142" centery="48" centerz="8" radius="5">
<monster name="Dracola" x="1" y="1" spawntime="60"/>
</spawn>
<spawn centerx="254" centery="33" centerz="6" radius="5">
<monster name="Warlock" x="2" y="0" spawntime="60"/>
</spawn>
<spawn centerx="252" centery="42" centerz="6" radius="5">
<monster name="Warlock" x="4" y="-1" spawntime="60"/>
<monster name="Warlock" x="-1" y="-3" spawntime="60"/>
</spawn>
<spawn centerx="216" centery="73" centerz="8" radius="5">
<monster name="Demon" x="0" y="-3" spawntime="60"/>
<monster name="Demon" x="-1" y="2" spawntime="60"/>
</spawn>
<spawn centerx="179" centery="121" centerz="9" radius="5">
<monster name="Demon" x="1" y="-2" spawntime="60"/>
<monster name="Demon" x="2" y="3" spawntime="60"/>
<monster name="Demon" x="3" y="0" spawntime="60"/>
</spawn>
<spawn centerx="179" centery="132" centerz="9" radius="5">
<monster name="Demon" x="0" y="-5" spawntime="60"/>
<monster name="Demon" x="2" y="0" spawntime="60"/>
<monster name="Demon" x="0" y="5" spawntime="60"/>
</spawn>
<spawn centerx="128" centery="72" centerz="9" radius="5">
<monster name="Vampire" x="1" y="0" spawntime="60"/>
<monster name="Vampire" x="0" y="1" spawntime="60"/>
</spawn>
<spawn centerx="133" centery="82" centerz="9" radius="5">
<monster name="Vampire" x="-1" y="-1" spawntime="60"/>
</spawn>
<spawn centerx="144" centery="78" centerz="9" radius="5">
<monster name="Vampire" x="-1" y="3" spawntime="60"/>
<monster name="Vampire" x="0" y="-4" spawntime="60"/>
</spawn>
<spawn centerx="144" centery="67" centerz="9" radius="5">
<monster name="Vampire" x="-1" y="0" spawntime="60"/>
</spawn>
<spawn centerx="155" centery="67" centerz="9" radius="5">
<monster name="Vampire" x="1" y="-1" spawntime="60"/>
<monster name="Vampire" x="0" y="-1" spawntime="60"/>
</spawn>
<spawn centerx="144" centery="117" centerz="9" radius="5">
<monster name="Ferumbras" x="-1" y="-3" spawntime="60"/>
<monster name="Ferumbras" x="2" y="3" spawntime="60"/>
</spawn>
<spawn centerx="142" centery="127" centerz="9" radius="5">
<monster name="Ferumbras" x="-4" y="-3" spawntime="60"/>
<monster name="Ferumbras" x="-1" y="0" spawntime="60"/>
</spawn>
<spawn centerx="130" centery="129" centerz="9" radius="5">
<monster name="Ferumbras" x="-1" y="0" spawntime="60"/>
</spawn>
<spawn centerx="121" centery="128" centerz="9" radius="5">
<monster name="Ferumbras" x="-2" y="-1" spawntime="60"/>
</spawn>
<spawn centerx="132" centery="142" centerz="9" radius="5">
<monster name="Ferumbras" x="-3" y="-2" spawntime="60"/>
</spawn>
<spawn centerx="142" centery="138" centerz="9" radius="5">
<monster name="Ferumbras" x="-4" y="0" spawntime="60"/>
</spawn>
<spawn centerx="145" centery="148" centerz="9" radius="5">
<monster name="Ferumbras" x="-3" y="3" spawntime="60"/>
<monster name="Ferumbras" x="0" y="3" spawntime="60"/>
<monster name="Ferumbras" x="0" y="-5" spawntime="60"/>
</spawn>
<spawn centerx="125" centery="134" centerz="9" radius="5">
<monster name="Ferumbras" x="-4" y="0" spawntime="60"/>
</spawn>
<spawn centerx="207" centery="70" centerz="7" radius="5">
<npc name="Malak" x="0" y="1"/>
</spawn>
<spawn centerx="208" centery="80" centerz="7" radius="5">
<npc name="Frodo" x="0" y="0"/>
</spawn>
<spawn centerx="228" centery="81" centerz="7" radius="5">
<monster name="Fire Devil" x="-3" y="0" spawntime="60"/>
<monster name="Fire Devil" x="5" y="0" spawntime="60"/>
</spawn>
<spawn centerx="242" centery="80" centerz="7" radius="5">
<monster name="Fire Devil" x="-2" y="-2" spawntime="60"/>
<monster name="Fire Devil" x="0" y="2" spawntime="60"/>
</spawn>
<spawn centerx="247" centery="90" centerz="7" radius="5">
<monster name="Fire Elemental" x="-2" y="-2" spawntime="60"/>
<monster name="Fire Elemental" x="0" y="3" spawntime="60"/>
</spawn>
<spawn centerx="245" centery="113" centerz="7" radius="5">
<monster name="Dragon" x="-1" y="-3" spawntime="60"/>
</spawn>
<spawn centerx="256" centery="104" centerz="7" radius="5">
<monster name="Dragon" x="-1" y="1" spawntime="60"/>
</spawn>
<spawn centerx="245" centery="101" centerz="7" radius="5">
<monster name="Fire Elemental" x="-1" y="-2" spawntime="60"/>
<monster name="Dragon" x="1" y="4" spawntime="60"/>
</spawn>
<spawn centerx="39" centery="362" centerz="7" radius="5">
<monster name="Troll" x="-2" y="0" spawntime="60"/>
</spawn>
<spawn centerx="35" centery="348" centerz="7" radius="5">
<monster name="Troll" x="-1" y="1" spawntime="60"/>
</spawn>
<spawn centerx="51" centery="369" centerz="7" radius="5">
<monster name="Troll" x="-1" y="0" spawntime="60"/>
</spawn>
<spawn centerx="49" centery="354" centerz="7" radius="5">
<monster name="Troll" x="1" y="-1" spawntime="60"/>
</spawn>
<spawn centerx="104" centery="103" centerz="5" radius="5">
<monster name="Hunter" x="0" y="-1" spawntime="60"/>
</spawn>
<spawn centerx="107" centery="95" centerz="5" radius="5">
<monster name="Hunter" x="-1" y="-1" spawntime="60"/>
</spawn>
<spawn centerx="117" centery="96" centerz="5" radius="5">
<monster name="Hunter" x="-3" y="1" spawntime="60"/>
</spawn>
<spawn centerx="116" centery="86" centerz="5" radius="5">
<monster name="Hunter" x="-1" y="-4" spawntime="60"/>
<monster name="Hunter" x="0" y="4" spawntime="60"/>
</spawn>
<spawn centerx="114" centery="78" centerz="5" radius="5">
<monster name="Hunter" x="-1" y="-2" spawntime="60"/>
</spawn>
<spawn centerx="59" centery="344" centerz="7" radius="5">
<monster name="Troll" x="2" y="-1" spawntime="60"/>
</spawn>
<spawn centerx="47" centery="344" centerz="7" radius="5">
<monster name="Troll" x="-5" y="2" spawntime="60"/>
<monster name="Troll" x="-2" y="-3" spawntime="60"/>
</spawn>
<spawn centerx="53" centery="333" centerz="7" radius="5">
<monster name="Troll" x="-4" y="0" spawntime="60"/>
<monster name="Troll" x="3" y="-2" spawntime="60"/>
</spawn>
<spawn centerx="63" centery="337" centerz="7" radius="5">
<monster name="Troll" x="-3" y="0" spawntime="60"/>
</spawn>
<spawn centerx="71" centery="338" centerz="7" radius="5">
<monster name="Troll" x="1" y="-5" spawntime="60"/>
</spawn>
<spawn centerx="71" centery="353" centerz="7" radius="5">
<monster name="Troll" x="-2" y="0" spawntime="60"/>
<monster name="Troll" x="-4" y="3" spawntime="60"/>
</spawn>
<spawn centerx="60" centery="357" centerz="7" radius="5">
<monster name="Troll" x="0" y="-5" spawntime="60"/>
</spawn>
<spawn centerx="69" centery="362" centerz="7" radius="5">
<monster name="Troll" x="-2" y="2" spawntime="60"/>
</spawn>
<spawn centerx="62" centery="369" centerz="7" radius="5">
<monster name="Troll" x="5" y="0" spawntime="60"/>
<monster name="Troll" x="-5" y="3" spawntime="60"/>
</spawn>
<spawn centerx="70" centery="332" centerz="7" radius="5">
<monster name="Troll" x="-5" y="-3" spawntime="60"/>
</spawn>
<spawn centerx="77" centery="330" centerz="7" radius="5">
<monster name="Troll" x="0" y="-1" spawntime="60"/>
</spawn>
<spawn centerx="84" centery="348" centerz="6" radius="5">
<monster name="Montain Balrog" x="1" y="-4" spawntime="60"/>
</spawn>
<spawn centerx="92" centery="333" centerz="6" radius="5">
<monster name="Montain Balrog" x="-2" y="-3" spawntime="60"/>
</spawn>
<spawn centerx="108" centery="349" centerz="6" radius="5">
<monster name="Montain Balrog" x="2" y="0" spawntime="60"/>
<monster name="Montain Balrog" x="-3" y="3" spawntime="60"/>
</spawn>
<spawn centerx="104" centery="332" centerz="6" radius="5">
<monster name="Montain Balrog" x="-4" y="2" spawntime="60"/>
</spawn>
<spawn centerx="33" centery="355" centerz="7" radius="5">
<monster name="Troll" x="1" y="0" spawntime="60"/>
</spawn>
<spawn centerx="39" centery="367" centerz="10" radius="5">
<monster name="Naz&apos;gul" x="-3" y="2" spawntime="60"/>
</spawn>
<spawn centerx="72" centery="320" centerz="7" radius="5">
<monster name="Archer Of Sauron" x="1" y="0" spawntime="60"/>
<monster name="Archer Of Sauron" x="-5" y="-3" spawntime="60"/>
</spawn>
<spawn centerx="67" centery="320" centerz="7" radius="5">
<monster name="Archer Of Sauron" x="-4" y="0" spawntime="60"/>
</spawn>
<spawn centerx="70" centery="309" centerz="8" radius="5">
<monster name="First General" x="2" y="3" spawntime="60"/>
</spawn>
<spawn centerx="66" centery="295" centerz="8" radius="5">
<monster name="First General" x="3" y="2" spawntime="60"/>
</spawn>
<spawn centerx="46" centery="296" centerz="8" radius="5">
<monster name="First General" x="1" y="3" spawntime="60"/>
</spawn>
<spawn centerx="41" centery="292" centerz="8" radius="5">
<monster name="First General" x="-3" y="2" spawntime="60"/>
</spawn>
<spawn centerx="33" centery="291" centerz="8" radius="5">
<monster name="First General" x="-2" y="-4" spawntime="60"/>
</spawn>
<spawn centerx="38" centery="273" centerz="8" radius="5">
<monster name="Gimli" x="-3" y="-5" spawntime="60"/>
</spawn>
<spawn centerx="90" centery="295" centerz="8" radius="5">
<monster name="First General" x="1" y="-3" spawntime="60"/>
</spawn>
<spawn centerx="64" centery="308" centerz="7" radius="5">
<monster name="Knight Of Sauron" x="-1" y="1" spawntime="60"/>
<monster name="Knight Of Sauron" x="-1" y="0" spawntime="60"/>
<monster name="Knight Of Sauron" x="-1" y="-1" spawntime="60"/>
</spawn>
<spawn centerx="59" centery="308" centerz="7" radius="5">
<monster name="Archer Of Sauron" x="-2" y="2" spawntime="60"/>
</spawn>
<spawn centerx="73" centery="311" centerz="6" radius="5">
<monster name="First General" x="5" y="4" spawntime="60"/>
</spawn>
<spawn centerx="61" centery="317" centerz="6" radius="5">
<monster name="First General" x="4" y="0" spawntime="60"/>
</spawn>
<spawn centerx="60" centery="311" centerz="6" radius="5">
<monster name="First General" x="4" y="-3" spawntime="60"/>
</spawn>
<spawn centerx="76" centery="310" centerz="5" radius="5">
<monster name="Second General" x="2" y="0" spawntime="60"/>
</spawn>
<spawn centerx="78" centery="316" centerz="5" radius="5">
<monster name="Second General" x="0" y="2" spawntime="60"/>
</spawn>
<spawn centerx="63" centery="314" centerz="5" radius="5">
<monster name="Second General" x="2" y="-2" spawntime="60"/>
</spawn>
<spawn centerx="57" centery="309" centerz="5" radius="5">
<monster name="Second General" x="-1" y="4" spawntime="60"/>
</spawn>
<spawn centerx="60" centery="316" centerz="4" radius="5">
<monster name="Third General" x="-2" y="-1" spawntime="60"/>
</spawn>
<spawn centerx="76" centery="316" centerz="4" radius="5">
<monster name="Third General" x="-4" y="0" spawntime="60"/>
</spawn>
<spawn centerx="71" centery="310" centerz="4" radius="5">
<monster name="Third General" x="1" y="-3" spawntime="60"/>
</spawn>
<spawn centerx="61" centery="309" centerz="4" radius="5">
<monster name="Third General" x="-5" y="-4" spawntime="60"/>
</spawn>
<spawn centerx="74" centery="310" centerz="3" radius="5">
<monster name="The Balrog of Moria" x="0" y="-1" spawntime="60"/>
</spawn>
<spawn centerx="65" centery="311" centerz="3" radius="5">
<monster name="The Balrog of Moria" x="-1" y="5" spawntime="60"/>
</spawn>
<spawn centerx="67" centery="313" centerz="0" radius="5">
<monster name="Sauron" x="2" y="-1" spawntime="60"/>
</spawn>
<spawn centerx="56" centery="310" centerz="1" radius="5">
<monster name="Naz&apos;gul" x="1" y="-1" spawntime="60"/>
</spawn>
<spawn centerx="76" centery="316" centerz="1" radius="5">
<monster name="Naz&apos;gul" x="3" y="2" spawntime="60"/>
</spawn>
<spawn centerx="71" centery="312" centerz="1" radius="5">
<monster name="Magic Dragon" x="4" y="-5" spawntime="60"/>
</spawn>
<spawn centerx="74" centery="315" centerz="2" radius="5">
<monster name="Saruman" x="-5" y="3" spawntime="60"/>
</spawn>
<spawn centerx="32" centery="311" centerz="7" radius="5">
<monster name="Gimili" x="5" y="-4" spawntime="60"/>
<monster name="Gimili" x="4" y="1" spawntime="60"/>
<monster name="Gimli" x="-2" y="0" spawntime="60"/>
</spawn>
<spawn centerx="36" centery="321" centerz="7" radius="5">
<monster name="Gimili" x="0" y="-1" spawntime="60"/>
<monster name="Gimli" x="4" y="2" spawntime="60"/>
</spawn>
<spawn centerx="28" centery="329" centerz="7" radius="100">
<monster name="Gimili" x="16" y="-4" spawntime="60"/>
<monster name="Gimili" x="6" y="8" spawntime="60"/>
<monster name="Gimili" x="-7" y="-5" spawntime="60"/>
<monster name="Aragorn" x="3" y="-53" spawntime="60"/>
<monster name="Aragorn" x="-5" y="-62" spawntime="60"/>
<monster name="Aragorn" x="-1" y="-70" spawntime="60"/>
<monster name="Aragorn" x="9" y="-64" spawntime="60"/>
<monster name="Aragorn" x="13" y="-71" spawntime="60"/>
<monster name="Aragorn" x="18" y="-53" spawntime="60"/>
<monster name="Aragorn" x="25" y="-60" spawntime="60"/>
<monster name="Aragorn" x="26" y="-70" spawntime="60"/>
<monster name="Boromir" x="2" y="-31" spawntime="60"/>
<monster name="Boromir" x="-5" y="-39" spawntime="60"/>
<monster name="Boromir" x="0" y="-46" spawntime="60"/>
<monster name="Boromir" x="10" y="-47" spawntime="60"/>
<monster name="Boromir" x="20" y="-46" spawntime="60"/>
<monster name="Boromir" x="34" y="-46" spawntime="60"/>
<monster name="Boromir" x="34" y="-34" spawntime="60"/>
<monster name="Boromir" x="27" y="-31" spawntime="60"/>
<monster name="Boromir" x="14" y="-31" spawntime="60"/>
<monster name="Boromir" x="24" y="-39" spawntime="60"/>
<monster name="Boromir" x="9" y="-40" spawntime="60"/>
<monster name="Angel Balrog" x="2" y="-79" spawntime="60"/>
<monster name="Angel Balrog" x="20" y="-80" spawntime="60"/>
<monster name="Angel Balrog" x="30" y="-95" spawntime="60"/>
<monster name="Angel Balrog" x="17" y="-97" spawntime="60"/>
<monster name="Gimli" x="0" y="-4" spawntime="60"/>
<monster name="Gimli" x="0" y="4" spawntime="60"/>
<monster name="Angel Balrog" x="5" y="-90" spawntime="60"/>
</spawn>
<spawn centerx="37" centery="225" centerz="7" radius="5">
<monster name="Angel Balrog" x="-1" y="-3" spawntime="60"/>
</spawn>
<spawn centerx="26" centery="225" centerz="7" radius="5">
<monster name="Angel Balrog" x="-4" y="-3" spawntime="60"/>
<monster name="Angel Balrog" x="5" y="3" spawntime="60"/>
</spawn>
<spawn centerx="47" centery="225" centerz="7" radius="5">
<monster name="Angel Balrog" x="2" y="-4" spawntime="60"/>
</spawn>
<spawn centerx="24" centery="203" centerz="7" radius="5">
<monster name="Orc Warlord" x="1" y="-1" spawntime="60"/>
<monster name="Orc Warlord" x="1" y="4" spawntime="60"/>
</spawn>
<spawn centerx="29" centery="212" centerz="7" radius="5">
<monster name="Orc Warlord" x="-1" y="-1" spawntime="60"/>
<monster name="Orc Warlord" x="3" y="-1" spawntime="60"/>
</spawn>
<spawn centerx="36" centery="212" centerz="7" radius="5">
<monster name="Orc Warlord" x="0" y="-1" spawntime="60"/>
<monster name="Orc Warlord" x="4" y="-5" spawntime="60"/>
</spawn>
<spawn centerx="42" centery="210" centerz="7" radius="5">
<monster name="Orc Warlord" x="3" y="-3" spawntime="60"/>
</spawn>
<spawn centerx="46" centery="203" centerz="7" radius="5">
<monster name="Orc Warlord" x="-4" y="-4" spawntime="60"/>
</spawn>
<spawn centerx="39" centery="194" centerz="7" radius="5">
<monster name="Orc Warlord" x="-2" y="5" spawntime="60"/>
</spawn>
<spawn centerx="33" centery="194" centerz="7" radius="5">
<monster name="Orc Warlord" x="-2" y="2" spawntime="60"/>
</spawn>
<spawn centerx="34" centery="167" centerz="7" radius="5">
<monster name="Energy Balrog" x="1" y="4" spawntime="60"/>
</spawn>
<spawn centerx="29" centery="177" centerz="7" radius="5">
<monster name="Energy Balrog" x="-2" y="2" spawntime="60"/>
</spawn>
<spawn centerx="39" centery="178" centerz="7" radius="5">
<monster name="Energy Balrog" x="2" y="3" spawntime="60"/>
</spawn>
<spawn centerx="51" centery="183" centerz="7" radius="5">
<monster name="Energy Balrog" x="0" y="1" spawntime="60"/>
</spawn>
<spawn centerx="68" centery="176" centerz="7" radius="5">
<monster name="Energy Balrog" x="-1" y="4" spawntime="60"/>
</spawn>
<spawn centerx="75" centery="166" centerz="7" radius="5">
<monster name="Energy Balrog" x="1" y="3" spawntime="60"/>
</spawn>
<spawn centerx="76" centery="163" centerz="7" radius="5">
<monster name="Energy Balrog" x="3" y="-3" spawntime="60"/>
</spawn>
<spawn centerx="68" centery="160" centerz="7" radius="5">
<monster name="Energy Balrog" x="-1" y="-2" spawntime="60"/>
</spawn>
<spawn centerx="56" centery="167" centerz="7" radius="5">
<monster name="Energy Balrog" x="-1" y="-3" spawntime="60"/>
</spawn>
<spawn centerx="44" centery="167" centerz="7" radius="5">
<monster name="Energy Balrog" x="0" y="-5" spawntime="60"/>
</spawn>
<spawn centerx="50" centery="168" centerz="7" radius="5">
<monster name="Energy Balrog" x="0" y="4" spawntime="60"/>
</spawn>
<spawn centerx="30" centery="164" centerz="7" radius="5">
<monster name="Energy Balrog" x="-2" y="0" spawntime="60"/>
</spawn>
<spawn centerx="26" centery="144" centerz="7" radius="5">
<monster name="Gandalf" x="0" y="-2" spawntime="60"/>
</spawn>
<spawn centerx="28" centery="149" centerz="7" radius="5">
<monster name="Gandalf" x="-3" y="1" spawntime="60"/>
</spawn>
<spawn centerx="48" centery="153" centerz="7" radius="5">
<monster name="Gandalf" x="3" y="2" spawntime="60"/>
</spawn>
<spawn centerx="53" centery="145" centerz="7" radius="5">
<monster name="Gandalf" x="3" y="-3" spawntime="60"/>
</spawn>
<spawn centerx="88" centery="198" centerz="6" radius="5">
<monster name="Legolas" x="0" y="-1" spawntime="60"/>
</spawn>
<spawn centerx="71" centery="192" centerz="7" radius="5">
<monster name="Legolas" x="-1" y="-2" spawntime="60"/>
</spawn>
<spawn centerx="65" centery="214" centerz="7" radius="5">
<monster name="Legolas" x="-3" y="-4" spawntime="60"/>
</spawn>
<spawn centerx="73" centery="222" centerz="7" radius="5">
<monster name="Legolas" x="1" y="5" spawntime="60"/>
</spawn>
<spawn centerx="96" centery="217" centerz="7" radius="5">
<monster name="Legolas" x="5" y="2" spawntime="60"/>
</spawn>
<spawn centerx="101" centery="210" centerz="7" radius="5">
<monster name="Legolas" x="-4" y="-5" spawntime="60"/>
</spawn>
<spawn centerx="77" centery="203" centerz="7" radius="5">
<monster name="Legolas" x="-5" y="-3" spawntime="60"/>
</spawn>
<spawn centerx="106" centery="63" centerz="7" radius="5">
<monster name="First General" x="1" y="0" spawntime="60"/>
</spawn>
<spawn centerx="106" centery="62" centerz="6" radius="5">
<monster name="Second General" x="1" y="1" spawntime="60"/>
</spawn>
<spawn centerx="107" centery="62" centerz="5" radius="5">
<monster name="Third General" x="0" y="0" spawntime="60"/>
</spawn>
<spawn centerx="102" centery="82" centerz="7" radius="5">
<monster name="Nobleman Hero" x="-2" y="-1" spawntime="60"/>
<monster name="Nobleman Hero" x="1" y="-1" spawntime="60"/>
</spawn>
<spawn centerx="108" centery="70" centerz="6" radius="5">
<monster name="Destroyer" x="-1" y="1" spawntime="60"/>
</spawn>
<spawn centerx="81" centery="333" centerz="6" radius="5">
<monster name="Montain Balrog" x="2" y="-3" spawntime="60"/>
</spawn>
<spawn centerx="108" centery="333" centerz="5" radius="5">
<monster name="Montain Balrog" x="2" y="2" spawntime="60"/>
</spawn>
<spawn centerx="92" centery="334" centerz="5" radius="5">
<monster name="Montain Balrog" x="2" y="1" spawntime="60"/>
</spawn>
<spawn centerx="214" centery="34" centerz="7" radius="20">
<monster name="Training Target" x="-10" y="7" spawntime="60"/>
<monster name="Training Target" x="-8" y="7" spawntime="60"/>
<monster name="Training Target" x="-6" y="7" spawntime="60"/>
<monster name="Training Target" x="-4" y="7" spawntime="60"/>
<monster name="Training Target" x="-2" y="7" spawntime="60"/>
<monster name="Training Target" x="0" y="7" spawntime="60"/>
<monster name="Training Target" x="2" y="7" spawntime="60"/>
<monster name="Training Target" x="4" y="7" spawntime="60"/>
<monster name="Training Target" x="6" y="7" spawntime="60"/>
<monster name="Training Target" x="8" y="7" spawntime="60"/>
<monster name="Training Target" x="10" y="7" spawntime="60"/>
<monster name="Training Target" x="12" y="7" spawntime="60"/>
<monster name="Training Target" x="14" y="7" spawntime="60"/>
<monster name="Training Target" x="14" y="-5" spawntime="60"/>
<monster name="Training Target" x="12" y="-5" spawntime="60"/>
<monster name="Training Target" x="10" y="-5" spawntime="60"/>
<monster name="Training Target" x="8" y="-5" spawntime="60"/>
<monster name="Training Target" x="6" y="-5" spawntime="60"/>
<monster name="Training Target" x="4" y="-5" spawntime="60"/>
<monster name="Training Target" x="2" y="-5" spawntime="60"/>
<monster name="Training Target" x="0" y="-5" spawntime="60"/>
<monster name="Training Target" x="-2" y="-5" spawntime="60"/>
<monster name="Training Target" x="-4" y="-5" spawntime="60"/>
<monster name="Training Target" x="-6" y="-5" spawntime="60"/>
<monster name="Training Target" x="-8" y="-5" spawntime="60"/>
<monster name="Training Target" x="-11" y="-5" spawntime="60"/>
</spawn>
<spawn centerx="167" centery="45" centerz="7" radius="5">
<npc name="Malak" x="0" y="-1"/>
<npc name="Johnny" x="1" y="3"/>
</spawn>
<spawn centerx="166" centery="48" centerz="7" radius="5">
<npc name="The Laster" x="1" y="3"/>
</spawn>
<spawn centerx="175" centery="45" centerz="7" radius="5">
<npc name="Lola" x="-2" y="2"/>
</spawn>
<spawn centerx="153" centery="45" centerz="7" radius="5">
<npc name="Experience" x="-1" y="0"/>
</spawn>
<spawn centerx="281" centery="84" centerz="7" radius="5">
<monster name="Demon" x="-1" y="4" spawntime="60"/>
<monster name="Diabolic Imp" x="4" y="0" spawntime="60"/>
<monster name="Diabolic Imp" x="1" y="0" spawntime="60"/>
</spawn>
<spawn centerx="291" centery="81" centerz="7" radius="5">
<monster name="Demon" x="-1" y="4" spawntime="60"/>
<monster name="Diabolic Imp" x="-4" y="-4" spawntime="60"/>
</spawn>
<spawn centerx="298" centery="88" centerz="7" radius="5">
<monster name="Demon" x="-1" y="3" spawntime="60"/>
<monster name="Diabolic Imp" x="-4" y="-1" spawntime="60"/>
</spawn>
<spawn centerx="311" centery="86" centerz="7" radius="5">
<monster name="Demon" x="-1" y="4" spawntime="60"/>
<monster name="Demon" x="2" y="-3" spawntime="60"/>
<monster name="Diabolic Imp" x="-5" y="2" spawntime="60"/>
<monster name="Diabolic Imp" x="-2" y="-5" spawntime="60"/>
</spawn>
<spawn centerx="322" centery="81" centerz="7" radius="5">
<monster name="Diabolic Imp" x="-2" y="1" spawntime="60"/>
</spawn>
<spawn centerx="319" centery="80" centerz="7" radius="5">
<monster name="Demon" x="1" y="-5" spawntime="60"/>
<monster name="Diabolic Imp" x="-3" y="-2" spawntime="60"/>
</spawn>
<spawn centerx="310" centery="76" centerz="7" radius="5">
<monster name="Demon" x="-3" y="-2" spawntime="60"/>
</spawn>
<spawn centerx="312" centery="71" centerz="7" radius="5">
<monster name="Demon" x="5" y="-1" spawntime="60"/>
<monster name="Diabolic Imp" x="-5" y="-2" spawntime="60"/>
</spawn>
<spawn centerx="313" centery="62" centerz="7" radius="5">
<monster name="Demon" x="1" y="-3" spawntime="60"/>
<monster name="Demon" x="-3" y="3" spawntime="60"/>
<monster name="Diabolic Imp" x="-1" y="3" spawntime="60"/>
</spawn>
<spawn centerx="305" centery="62" centerz="7" radius="5">
<monster name="Demon" x="-3" y="-2" spawntime="60"/>
<monster name="Diabolic Imp" x="1" y="0" spawntime="60"/>
</spawn>
<spawn centerx="296" centery="61" centerz="7" radius="100">
<monster name="Demon" x="-17" y="17" spawntime="60"/>
<monster name="Demon" x="8" y="22" spawntime="60"/>
<monster name="Demon" x="5" y="16" spawntime="60"/>
<monster name="Demon" x="3" y="10" spawntime="60"/>
<monster name="Demon" x="-6" y="7" spawntime="60"/>
<monster name="Demon" x="-10" y="11" spawntime="60"/>
<monster name="Demon" x="-6" y="14" spawntime="60"/>
<monster name="Demon" x="-17" y="7" spawntime="60"/>
<monster name="Demon" x="-19" y="1" spawntime="60"/>
<monster name="Demon" x="-16" y="-4" spawntime="60"/>
<monster name="Demon" x="-9" y="-5" spawntime="60"/>
<monster name="Demon" x="-9" y="-10" spawntime="60"/>
<monster name="Demon" x="-8" y="-14" spawntime="60"/>
<monster name="Demon" x="2" y="-13" spawntime="60"/>
<monster name="Demon" x="2" y="-20" spawntime="60"/>
<monster name="Demon" x="16" y="-19" spawntime="60"/>
<monster name="Demon" x="11" y="-20" spawntime="60"/>
<monster name="Demon" x="19" y="-13" spawntime="60"/>
<monster name="Demon" x="8" y="-9" spawntime="60"/>
<monster name="Demon" x="23" y="-5" spawntime="60"/>
<monster name="Demon" x="24" y="2" spawntime="60"/>
<monster name="Demon" x="-4" y="-1" spawntime="60"/>
<monster name="Demon" x="1" y="0" spawntime="60"/>
<monster name="Diabolic Imp" x="24" y="7" spawntime="60"/>
<monster name="Diabolic Imp" x="17" y="-6" spawntime="60"/>
<monster name="Diabolic Imp" x="7" y="-6" spawntime="60"/>
<monster name="Diabolic Imp" x="16" y="-14" spawntime="60"/>
<monster name="Diabolic Imp" x="10" y="-17" spawntime="60"/>
<monster name="Diabolic Imp" x="-2" y="-12" spawntime="60"/>
<monster name="Diabolic Imp" x="-10" y="-6" spawntime="60"/>
<monster name="Diabolic Imp" x="-18" y="0" spawntime="60"/>
<monster name="Diabolic Imp" x="-20" y="5" spawntime="60"/>
<monster name="Diabolic Imp" x="-18" y="12" spawntime="60"/>
</spawn>
<spawn centerx="307" centery="65" centerz="8" radius="100">
<monster name="Dark Torturer" x="-20" y="-38" spawntime="60"/>
<monster name="Dark Torturer" x="-12" y="-33" spawntime="60"/>
<monster name="Dark Torturer" x="-4" y="-35" spawntime="60"/>
<monster name="Dark Torturer" x="-8" y="-32" spawntime="60"/>
<monster name="Dark Torturer" x="4" y="-35" spawntime="60"/>
<monster name="Dark Torturer" x="2" y="-31" spawntime="60"/>
<monster name="Dark Torturer" x="2" y="-30" spawntime="60"/>
<monster name="Dark Torturer" x="10" y="-32" spawntime="60"/>
<monster name="Mr. Punish" x="-25" y="-39" spawntime="60"/>
<monster name="The Plasmother" x="-39" y="-21" spawntime="60"/>
<monster name="The Plasmother" x="-37" y="-18" spawntime="60"/>
<monster name="The Plasmother" x="-33" y="-21" spawntime="60"/>
<monster name="The Plasmother" x="-35" y="-27" spawntime="60"/>
<monster name="The Plasmother" x="-27" y="-32" spawntime="60"/>
<monster name="The Plasmother" x="-28" y="-27" spawntime="60"/>
<monster name="The Plasmother" x="-24" y="-22" spawntime="60"/>
<monster name="The Plasmother" x="-30" y="-19" spawntime="60"/>
<monster name="The Plasmother" x="-36" y="-14" spawntime="60"/>
<monster name="The Plasmother" x="-27" y="-12" spawntime="60"/>
<monster name="Fire Elemental" x="-13" y="-11" spawntime="60"/>
<monster name="Fire Elemental" x="-8" y="-17" spawntime="60"/>
<monster name="Fire Elemental" x="-4" y="-18" spawntime="60"/>
<monster name="Fire Elemental" x="3" y="-15" spawntime="60"/>
<monster name="Fire Elemental" x="3" y="-14" spawntime="60"/>
<monster name="Fire Elemental" x="0" y="-9" spawntime="60"/>
<monster name="Fire Elemental" x="-7" y="-5" spawntime="60"/>
<monster name="Fire Elemental" x="2" y="1" spawntime="60"/>
<monster name="Hellfire Fighter" x="-11" y="-7" spawntime="60"/>
<monster name="Hellfire Fighter" x="-9" y="-12" spawntime="60"/>
<monster name="Hellfire Fighter" x="-4" y="-16" spawntime="60"/>
<monster name="Hellfire Fighter" x="5" y="-15" spawntime="60"/>
<monster name="Hellfire Fighter" x="-4" y="-15" spawntime="60"/>
<monster name="Hellfire Fighter" x="-1" y="-6" spawntime="60"/>
<monster name="Hellfire Fighter" x="-5" y="-2" spawntime="60"/>
<monster name="Hellfire Fighter" x="-1" y="1" spawntime="60"/>
<monster name="Hellfire Fighter" x="-3" y="-10" spawntime="60"/>
<monster name="Fluffy" x="3" y="-3" spawntime="60"/>
<monster name="Hellhound" x="-2" y="-4" spawntime="60"/>
<monster name="Hellhound" x="1" y="-8" spawntime="60"/>
<monster name="Hellhound" x="-13" y="-8" spawntime="60"/>
<monster name="Hellhound" x="-8" y="-11" spawntime="60"/>
<monster name="Hellhound" x="-2" y="-16" spawntime="60"/>
<monster name="Hellhound" x="5" y="-13" spawntime="60"/>
<monster name="Hellhound" x="-3" y="-13" spawntime="60"/>
<monster name="Hellhound" x="-9" y="-4" spawntime="60"/>
<monster name="Hellhound" x="-4" y="-7" spawntime="60"/>
<monster name="Hellhound" x="2" y="-1" spawntime="60"/>
<monster name="Hellhound" x="-2" y="4" spawntime="60"/>
<monster name="Hellhound" x="3" y="7" spawntime="60"/>
<monster name="Hellhound" x="1" y="13" spawntime="60"/>
<monster name="Hellhound" x="-1" y="16" spawntime="60"/>
<monster name="Hellhound" x="-1" y="23" spawntime="60"/>
<monster name="Hellhound" x="1" y="21" spawntime="60"/>
<monster name="Hellhound" x="-3" y="17" spawntime="60"/>
<monster name="Hellhound" x="-2" y="10" spawntime="60"/>
<monster name="Hellhound" x="-2" y="9" spawntime="60"/>
<monster name="Hellhound" x="-2" y="8" spawntime="60"/>
<monster name="Hellfire Fighter" x="-3" y="-1" spawntime="60"/>
<monster name="Hellfire Fighter" x="-5" y="3" spawntime="60"/>
<monster name="Hellfire Fighter" x="-1" y="5" spawntime="60"/>
<monster name="Hellfire Fighter" x="0" y="11" spawntime="60"/>
<monster name="Hellfire Fighter" x="-4" y="13" spawntime="60"/>
<monster name="Hellfire Fighter" x="-3" y="14" spawntime="60"/>
<monster name="Hellfire Fighter" x="0" y="20" spawntime="60"/>
<monster name="Hellfire Fighter" x="-1" y="21" spawntime="60"/>
<monster name="Juggernaut" x="21" y="-11" spawntime="60"/>
<monster name="Juggernaut" x="23" y="-7" spawntime="60"/>
<monster name="Juggernaut" x="14" y="-4" spawntime="60"/>
<monster name="Juggernaut" x="26" y="-3" spawntime="60"/>
<monster name="Juggernaut" x="27" y="-3" spawntime="60"/>
<monster name="Juggernaut" x="30" y="1" spawntime="60"/>
<monster name="Juggernaut" x="31" y="-4" spawntime="60"/>
<monster name="Juggernaut" x="28" y="-7" spawntime="60"/>
<monster name="Juggernaut" x="26" y="-10" spawntime="60"/>
<monster name="Juggernaut" x="20" y="-15" spawntime="60"/>
<monster name="Juggernaut" x="19" y="-5" spawntime="60"/>
<monster name="Juggernaut" x="27" y="-16" spawntime="60"/>
<monster name="Juggernaut" x="25" y="-17" spawntime="60"/>
<monster name="Juggernaut" x="24" y="-22" spawntime="60"/>
<monster name="Juggernaut" x="22" y="-23" spawntime="60"/>
<monster name="Juggernaut" x="22" y="-24" spawntime="60"/>
<monster name="Juggernaut" x="23" y="-24" spawntime="60"/>
<monster name="Juggernaut" x="27" y="-26" spawntime="60"/>
<monster name="Juggernaut" x="23" y="-29" spawntime="60"/>
<monster name="Juggernaut" x="23" y="-30" spawntime="60"/>
<monster name="Juggernaut" x="26" y="-31" spawntime="60"/>
<monster name="Juggernaut" x="22" y="-32" spawntime="60"/>
<monster name="Juggernaut" x="24" y="1" spawntime="60"/>
<monster name="Dark Torturer" x="9" y="-27" spawntime="60"/>
<monster name="Dark Torturer" x="11" y="-30" spawntime="60"/>
<monster name="Dark Torturer" x="4" y="-32" spawntime="60"/>
<monster name="Dark Torturer" x="3" y="-32" spawntime="60"/>
<monster name="Dark Torturer" x="-6" y="-31" spawntime="60"/>
<monster name="Dark Torturer" x="-3" y="-29" spawntime="60"/>
<monster name="Dark Torturer" x="0" y="-30" spawntime="60"/>
<monster name="Dark Torturer" x="0" y="-33" spawntime="60"/>
<monster name="Dark Torturer" x="-10" y="-33" spawntime="60"/>
<monster name="Dark Torturer" x="-24" y="-38" spawntime="60"/>
<monster name="Dark Torturer" x="-23" y="-38" spawntime="60"/>
<monster name="Dark Torturer" x="-19" y="-37" spawntime="60"/>
<monster name="Dark Torturer" x="-17" y="-36" spawntime="60"/>
<monster name="Dark Torturer" x="-16" y="-36" spawntime="60"/>
<monster name="Dark Torturer" x="-15" y="-35" spawntime="60"/>
<monster name="Dark Torturer" x="-10" y="-35" spawntime="60"/>
<monster name="Destroyer" x="17" y="29" spawntime="60"/>
<monster name="Destroyer" x="14" y="23" spawntime="60"/>
<monster name="Destroyer" x="23" y="32" spawntime="60"/>
<monster name="Destroyer" x="22" y="31" spawntime="60"/>
<monster name="Destroyer" x="21" y="25" spawntime="60"/>
<monster name="Destroyer" x="20" y="25" spawntime="60"/>
<monster name="Destroyer" x="18" y="24" spawntime="60"/>
<monster name="Destroyer" x="18" y="23" spawntime="60"/>
<monster name="Destroyer" x="24" y="21" spawntime="60"/>
<monster name="Destroyer" x="25" y="14" spawntime="60"/>
<monster name="Destroyer" x="22" y="9" spawntime="60"/>
<monster name="Destroyer" x="16" y="8" spawntime="60"/>
<monster name="Destroyer" x="20" y="11" spawntime="60"/>
<monster name="Destroyer" x="20" y="12" spawntime="60"/>
<monster name="Destroyer" x="19" y="17" spawntime="60"/>
<monster name="Destroyer" x="29" y="12" spawntime="60"/>
<monster name="Destroyer" x="22" y="17" spawntime="60"/>
<monster name="Destroyer" x="21" y="10" spawntime="60"/>
<monster name="Orc Warlord" x="-37" y="0" spawntime="60"/>
<monster name="Orc Warlord" x="-31" y="-4" spawntime="60"/>
<monster name="Orc Warlord" x="-21" y="0" spawntime="60"/>
<monster name="Orc Warlord" x="-36" y="5" spawntime="60"/>
<monster name="Orc Warlord" x="-21" y="8" spawntime="60"/>
<monster name="Orc Warlord" x="-31" y="9" spawntime="60"/>
<monster name="Orc Warlord" x="-33" y="16" spawntime="60"/>
<monster name="Orc Warlord" x="-28" y="31" spawntime="60"/>
<monster name="Orc Warlord" x="-32" y="27" spawntime="60"/>
<monster name="Orc Warlord" x="-25" y="23" spawntime="60"/>
<monster name="Orc Warlord" x="-34" y="20" spawntime="60"/>
<monster name="Orc Warlord" x="-19" y="18" spawntime="60"/>
<monster name="Orc Warlord" x="-13" y="14" spawntime="60"/>
<monster name="Orc Warlord" x="-35" y="12" spawntime="60"/>
<monster name="Orc Warlord" x="-25" y="18" spawntime="60"/>
<monster name="Orc Warlord" x="-24" y="13" spawntime="60"/>
<monster name="Orc Warlord" x="-27" y="10" spawntime="60"/>
<monster name="Orc Warlord" x="-29" y="1" spawntime="60"/>
<monster name="Orc Warlord" x="-25" y="-1" spawntime="60"/>
</spawn>
<spawn centerx="289" centery="55" centerz="9" radius="100">
<monster name="Orshabaal" x="-10" y="0" spawntime="60"/>
<monster name="Orshabaal" x="1" y="19" spawntime="60"/>
<monster name="Orshabaal" x="13" y="10" spawntime="60"/>
<monster name="Orshabaal" x="-1" y="11" spawntime="60"/>
<monster name="Orshabaal" x="13" y="21" spawntime="60"/>
<monster name="Orshabaal" x="-12" y="13" spawntime="60"/>
<monster name="Orshabaal" x="-10" y="5" spawntime="60"/>
<monster name="Orshabaal" x="13" y="5" spawntime="60"/>
<monster name="Orshabaal" x="8" y="-4" spawntime="60"/>
<monster name="Orshabaal" x="-1" y="1" spawntime="60"/>
<monster name="Orshabaal" x="-11" y="-5" spawntime="60"/>
<monster name="Orshabaal" x="-8" y="-13" spawntime="60"/>
<monster name="Orshabaal" x="-4" y="-8" spawntime="60"/>
<monster name="Orshabaal" x="8" y="-16" spawntime="60"/>
<monster name="Orshabaal" x="4" y="-10" spawntime="60"/>
<monster name="Orshabaal" x="-7" y="-20" spawntime="60"/>
<monster name="Orshabaal" x="3" y="-28" spawntime="60"/>
<monster name="Orshabaal" x="8" y="-25" spawntime="60"/>
<monster name="Orshabaal" x="1" y="-21" spawntime="60"/>
</spawn>
<spawn centerx="219" centery="107" centerz="6" radius="5">
<monster name="Training Target" x="-3" y="-4" spawntime="60"/>
<monster name="Training Target" x="4" y="3" spawntime="60"/>
<monster name="Training Target" x="3" y="-4" spawntime="60"/>
<monster name="Training Target" x="0" y="-4" spawntime="60"/>
<monster name="Training Target" x="-5" y="3" spawntime="60"/>
</spawn>
<spawn centerx="216" centery="107" centerz="6" radius="5">
<monster name="Training Target" x="-3" y="-4" spawntime="60"/>
</spawn>
<spawn centerx="31" centery="326" centerz="8" radius="100">
<monster name="Amazon" x="14" y="14" spawntime="60"/>
<monster name="Amazon" x="9" y="11" spawntime="60"/>
<monster name="Amazon" x="-2" y="8" spawntime="60"/>
<monster name="Amazon" x="2" y="0" spawntime="60"/>
<monster name="Amazon" x="-2" y="-10" spawntime="60"/>
<monster name="Amazon" x="1" y="-19" spawntime="60"/>
<monster name="Amazon" x="-4" y="-21" spawntime="60"/>
<monster name="Amazon" x="-2" y="18" spawntime="60"/>
<monster name="Amazon" x="18" y="24" spawntime="60"/>
<monster name="Amazon" x="25" y="31" spawntime="60"/>
<monster name="Amazon" x="37" y="23" spawntime="60"/>
<monster name="Amazon" x="55" y="18" spawntime="60"/>
<monster name="Amazon" x="77" y="18" spawntime="60"/>
</spawn>
<spawn centerx="37" centery="340" centerz="9" radius="100">
<monster name="Bandit" x="-3" y="-1" spawntime="60"/>
<monster name="Bandit" x="11" y="-18" spawntime="60"/>
<monster name="Bandit" x="24" y="-4" spawntime="60"/>
<monster name="Bandit" x="14" y="8" spawntime="60"/>
<monster name="Bandit" x="-2" y="14" spawntime="60"/>
<monster name="Bandit" x="-1" y="27" spawntime="60"/>
</spawn>
<spawn centerx="123" centery="156" centerz="8" radius="5">
<monster name="Destroyer" x="-1" y="-1" spawntime="60"/>
</spawn>
<spawn centerx="138" centery="172" centerz="8" radius="5">
<monster name="Destroyer" x="0" y="-1" spawntime="60"/>
</spawn>
<spawn centerx="140" centery="151" centerz="8" radius="5">
<monster name="Destroyer" x="2" y="1" spawntime="60"/>
</spawn>
<spawn centerx="147" centery="159" centerz="8" radius="5">
<monster name="Destroyer" x="-1" y="0" spawntime="60"/>
</spawn>
<spawn centerx="156" centery="159" centerz="8" radius="5">
<monster name="Destroyer" x="2" y="0" spawntime="60"/>
</spawn>
<spawn centerx="164" centery="159" centerz="8" radius="5">
<monster name="Destroyer" x="3" y="5" spawntime="60"/>
</spawn>
<spawn centerx="162" centery="152" centerz="8" radius="5">
<monster name="Destroyer" x="5" y="0" spawntime="60"/>
</spawn>
</spawns>
